  [1m[36m (0.2ms)[0m  [1mselect sqlite_version(*)[0m
  [1m[35m (27.9ms)[0m  CREATE TABLE "schema_migrations" ("version" varchar(255) NOT NULL) 
  [1m[36m (0.2ms)[0m  [1mPRAGMA index_list("schema_migrations")[0m
  [1m[35m (26.4ms)[0m  CREATE UNIQUE INDEX "unique_schema_migrations" ON "schema_migrations" ("version")
  [1m[36m (5.7ms)[0m  [1mSELECT "schema_migrations"."version" FROM "schema_migrations" [0m
Migrating to CreateMovies (20111119180638)
  [1m[35m (21.3ms)[0m  CREATE TABLE "movies" ("id" INTEGER PRIMARY KEY AUTOINCREMENT NOT NULL, "title" varchar(255), "rating" varchar(255), "description" text, "release_date" datetime, "created_at" datetime, "updated_at" datetime) 
  [1m[36m (3.7ms)[0m  [1mINSERT INTO "schema_migrations" ("version") VALUES ('20111119180638')[0m
  [1m[35m (5.6ms)[0m  select sqlite_version(*)
  [1m[36m (5.9ms)[0m  [1mSELECT "schema_migrations"."version" FROM "schema_migrations" [0m
  [1m[35m (0.1ms)[0m  PRAGMA index_list("movies")
  [1m[36m (3.0ms)[0m  [1mSELECT "schema_migrations"."version" FROM "schema_migrations" [0m
  [1m[35mSQL (107.3ms)[0m  INSERT INTO "movies" ("created_at", "description", "rating", "release_date", "title", "updated_at") VALUES (?, ?, ?, ?, ?, ?)  [["created_at", Wed, 31 Jul 2013 19:08:37 UTC +00:00], ["description", nil], ["rating", "G"], ["release_date", Wed, 25 Nov 1992 00:00:00 UTC +00:00], ["title", "Aladdin"], ["updated_at", Wed, 31 Jul 2013 19:08:37 UTC +00:00]]
  [1m[36mSQL (21.6ms)[0m  [1mINSERT INTO "movies" ("created_at", "description", "rating", "release_date", "title", "updated_at") VALUES (?, ?, ?, ?, ?, ?)[0m  [["created_at", Wed, 31 Jul 2013 19:08:38 UTC +00:00], ["description", nil], ["rating", "R"], ["release_date", Fri, 26 Oct 1984 00:00:00 UTC +00:00], ["title", "The Terminator"], ["updated_at", Wed, 31 Jul 2013 19:08:38 UTC +00:00]]
  [1m[35mSQL (22.6ms)[0m  INSERT INTO "movies" ("created_at", "description", "rating", "release_date", "title", "updated_at") VALUES (?, ?, ?, ?, ?, ?)  [["created_at", Wed, 31 Jul 2013 19:08:38 UTC +00:00], ["description", nil], ["rating", "R"], ["release_date", Fri, 21 Jul 1989 00:00:00 UTC +00:00], ["title", "When Harry Met Sally"], ["updated_at", Wed, 31 Jul 2013 19:08:38 UTC +00:00]]
  [1m[36mSQL (24.2ms)[0m  [1mINSERT INTO "movies" ("created_at", "description", "rating", "release_date", "title", "updated_at") VALUES (?, ?, ?, ?, ?, ?)[0m  [["created_at", Wed, 31 Jul 2013 19:08:38 UTC +00:00], ["description", nil], ["rating", "PG-13"], ["release_date", Wed, 10 Aug 2011 00:00:00 UTC +00:00], ["title", "The Help"], ["updated_at", Wed, 31 Jul 2013 19:08:38 UTC +00:00]]
  [1m[35mSQL (15.0ms)[0m  INSERT INTO "movies" ("created_at", "description", "rating", "release_date", "title", "updated_at") VALUES (?, ?, ?, ?, ?, ?)  [["created_at", Wed, 31 Jul 2013 19:08:38 UTC +00:00], ["description", nil], ["rating", "PG-13"], ["release_date", Fri, 05 Jan 2001 00:00:00 UTC +00:00], ["title", "Chocolat"], ["updated_at", Wed, 31 Jul 2013 19:08:38 UTC +00:00]]
  [1m[36mSQL (20.2ms)[0m  [1mINSERT INTO "movies" ("created_at", "description", "rating", "release_date", "title", "updated_at") VALUES (?, ?, ?, ?, ?, ?)[0m  [["created_at", Wed, 31 Jul 2013 19:08:38 UTC +00:00], ["description", nil], ["rating", "R"], ["release_date", Wed, 25 Apr 2001 00:00:00 UTC +00:00], ["title", "Amelie"], ["updated_at", Wed, 31 Jul 2013 19:08:38 UTC +00:00]]
  [1m[35mSQL (15.6ms)[0m  INSERT INTO "movies" ("created_at", "description", "rating", "release_date", "title", "updated_at") VALUES (?, ?, ?, ?, ?, ?)  [["created_at", Wed, 31 Jul 2013 19:08:38 UTC +00:00], ["description", nil], ["rating", "G"], ["release_date", Sat, 06 Apr 1968 00:00:00 UTC +00:00], ["title", "2001: A Space Odyssey"], ["updated_at", Wed, 31 Jul 2013 19:08:38 UTC +00:00]]
  [1m[36mSQL (20.7ms)[0m  [1mINSERT INTO "movies" ("created_at", "description", "rating", "release_date", "title", "updated_at") VALUES (?, ?, ?, ?, ?, ?)[0m  [["created_at", Wed, 31 Jul 2013 19:08:38 UTC +00:00], ["description", nil], ["rating", "PG"], ["release_date", Fri, 05 Nov 2004 00:00:00 UTC +00:00], ["title", "The Incredibles"], ["updated_at", Wed, 31 Jul 2013 19:08:38 UTC +00:00]]
  [1m[35mSQL (21.4ms)[0m  INSERT INTO "movies" ("created_at", "description", "rating", "release_date", "title", "updated_at") VALUES (?, ?, ?, ?, ?, ?)  [["created_at", Wed, 31 Jul 2013 19:08:38 UTC +00:00], ["description", nil], ["rating", "PG"], ["release_date", Fri, 12 Jun 1981 00:00:00 UTC +00:00], ["title", "Raiders of the Lost Ark"], ["updated_at", Wed, 31 Jul 2013 19:08:38 UTC +00:00]]
  [1m[36mSQL (18.4ms)[0m  [1mINSERT INTO "movies" ("created_at", "description", "rating", "release_date", "title", "updated_at") VALUES (?, ?, ?, ?, ?, ?)[0m  [["created_at", Wed, 31 Jul 2013 19:08:38 UTC +00:00], ["description", nil], ["rating", "G"], ["release_date", Wed, 21 Jun 2000 00:00:00 UTC +00:00], ["title", "Chicken Run"], ["updated_at", Wed, 31 Jul 2013 19:08:38 UTC +00:00]]


Started GET "/movies" for 127.0.0.1 at 2013-07-31 12:10:22 -0700
  Processing by MoviesController#index as HTML
  [1m[36mMovie Load (5.0ms)[0m  [1mSELECT "movies".* FROM "movies" [0m
Rendered movies/index.html.haml within layouts/application (89.3ms)
Compiled application.css  (13ms)  (pid 2447)
Compiled application.js  (91ms)  (pid 2447)
Compiled jquery.js  (15ms)  (pid 2447)
Compiled jquery_ujs.js  (26ms)  (pid 2447)
Completed 200 OK in 1055ms (Views: 1039.5ms | ActiveRecord: 9.3ms)


Started GET "/assets/application.css?body=1" for 127.0.0.1 at 2013-07-31 12:10:26 -0700
Served asset /application.css - 304 Not Modified (214ms)


Started GET "/assets/application.js?body=1" for 127.0.0.1 at 2013-07-31 12:10:26 -0700
Served asset /application.js - 304 Not Modified (387ms)


Started GET "/assets/jquery_ujs.js?body=1" for 127.0.0.1 at 2013-07-31 12:10:27 -0700
Served asset /jquery_ujs.js - 304 Not Modified (50ms)


Started GET "/assets/jquery.js?body=1" for 127.0.0.1 at 2013-07-31 12:10:27 -0700
Served asset /jquery.js - 304 Not Modified (78ms)


Started GET "/movies" for 127.0.0.1 at 2013-08-01 02:09:18 -0700
  Processing by MoviesController#index as HTML
  [1m[36mMovie Load (32.4ms)[0m  [1mSELECT "movies".* FROM "movies" [0m
Rendered movies/index.html.haml within layouts/application (62.3ms)
Completed 200 OK in 614ms (Views: 574.3ms | ActiveRecord: 36.4ms)


Started GET "/assets/application.css?body=1" for 127.0.0.1 at 2013-08-01 02:09:22 -0700
Served asset /application.css - 304 Not Modified (205ms)


Started GET "/assets/application.js?body=1" for 127.0.0.1 at 2013-08-01 02:09:23 -0700
Served asset /application.js - 304 Not Modified (109ms)


Started GET "/assets/jquery.js?body=1" for 127.0.0.1 at 2013-08-01 02:09:23 -0700
Served asset /jquery.js - 304 Not Modified (64ms)


Started GET "/assets/jquery_ujs.js?body=1" for 127.0.0.1 at 2013-08-01 02:09:23 -0700
Served asset /jquery_ujs.js - 304 Not Modified (41ms)


Started GET "/movies" for 127.0.0.1 at 2013-08-01 05:57:07 -0700
  Processing by MoviesController#index as HTML
  [1m[36mMovie Load (6.5ms)[0m  [1mSELECT "movies".* FROM "movies" [0m
Rendered movies/index.html.haml within layouts/application (164.5ms)
Completed 200 OK in 793ms (Views: 776.6ms | ActiveRecord: 9.3ms)


Started GET "/assets/application.css?body=1" for 127.0.0.1 at 2013-08-01 05:57:13 -0700
Served asset /application.css - 304 Not Modified (34ms)


Started GET "/assets/jquery.js?body=1" for 127.0.0.1 at 2013-08-01 05:57:14 -0700
Served asset /jquery.js - 304 Not Modified (45ms)


Started GET "/assets/jquery_ujs.js?body=1" for 127.0.0.1 at 2013-08-01 05:57:14 -0700
Served asset /jquery_ujs.js - 304 Not Modified (32ms)


Started GET "/assets/application.js?body=1" for 127.0.0.1 at 2013-08-01 05:57:14 -0700
Served asset /application.js - 304 Not Modified (82ms)


Started GET "/movies" for 127.0.0.1 at 2013-08-01 05:58:19 -0700
  Processing by MoviesController#index as HTML
  [1m[35mMovie Load (6.5ms)[0m  SELECT "movies".* FROM "movies" 
Rendered movies/index.html.haml within layouts/application (43.7ms)
Completed 200 OK in 366ms (Views: 339.6ms | ActiveRecord: 17.4ms)


Started GET "/assets/application.css?body=1" for 127.0.0.1 at 2013-08-01 05:58:20 -0700
Served asset /application.css - 304 Not Modified (5ms)


Started GET "/assets/jquery_ujs.js?body=1" for 127.0.0.1 at 2013-08-01 05:58:20 -0700
Served asset /jquery_ujs.js - 304 Not Modified (0ms)


Started GET "/assets/application.js?body=1" for 127.0.0.1 at 2013-08-01 05:58:20 -0700
Served asset /application.js - 304 Not Modified (6ms)


Started GET "/assets/jquery.js?body=1" for 127.0.0.1 at 2013-08-01 05:58:20 -0700
Served asset /jquery.js - 304 Not Modified (0ms)


Started GET "/movies" for 127.0.0.1 at 2013-08-01 07:10:47 -0700
  Processing by MoviesController#index as HTML
  [1m[36mMovie Load (5.9ms)[0m  [1mSELECT "movies".* FROM "movies" [0m
Rendered movies/index.html.haml within layouts/application (47.0ms)
Completed 200 OK in 383ms (Views: 361.1ms | ActiveRecord: 16.2ms)


Started GET "/assets/application.css?body=1" for 127.0.0.1 at 2013-08-01 07:10:48 -0700
Served asset /application.css - 304 Not Modified (9ms)


Started GET "/assets/jquery_ujs.js?body=1" for 127.0.0.1 at 2013-08-01 07:10:48 -0700
Served asset /jquery_ujs.js - 304 Not Modified (0ms)


Started GET "/assets/jquery.js?body=1" for 127.0.0.1 at 2013-08-01 07:10:48 -0700
Served asset /jquery.js - 304 Not Modified (0ms)


Started GET "/assets/application.js?body=1" for 127.0.0.1 at 2013-08-01 07:10:48 -0700
Served asset /application.js - 304 Not Modified (11ms)


Started GET "/movies" for 127.0.0.1 at 2013-08-01 07:14:57 -0700
  Processing by MoviesController#index as HTML
  [1m[35mMovie Load (10.6ms)[0m  SELECT "movies".* FROM "movies" 
Rendered movies/index.html.haml within layouts/application (96.2ms)
Completed 500 Internal Server Error in 534ms

ActionView::Template::Error (No route matches {:action=>"show", :controller=>"movies"}):
    4: %table#movies
    5:   %thead
    6:     %tr
    7:       %th= link "Movie ", movie_path
    8:       %th Rating
    9:       %th Release Date
    10:       %th More Info
  app/views/movies/index.html.haml:7:in `_app_views_movies_index_html_haml___54753684__645088868'

Rendered /usr/local/lib/ruby/gems/1.9.1/gems/actionpack-3.1.0/lib/action_dispatch/middleware/templates/rescues/routing_error.erb within rescues/layout (2.0ms)


Started GET "/movies" for 127.0.0.1 at 2013-08-01 07:16:12 -0700
  Processing by MoviesController#index as HTML
  [1m[36mMovie Load (8.9ms)[0m  [1mSELECT "movies".* FROM "movies" [0m
Rendered movies/index.html.haml within layouts/application (116.4ms)
Completed 500 Internal Server Error in 521ms

ActionView::Template::Error (No route matches {:action=>"show", :controller=>"movies"}):
    4: %table#movies
    5:   %thead
    6:     %tr
    7:       %th= link_to "Movie", movie_path
    8:       %th Rating
    9:       %th Release Date
    10:       %th More Info
  app/views/movies/index.html.haml:7:in `_app_views_movies_index_html_haml___54753684__641392058'

Rendered /usr/local/lib/ruby/gems/1.9.1/gems/actionpack-3.1.0/lib/action_dispatch/middleware/templates/rescues/routing_error.erb within rescues/layout (2.1ms)


Started GET "/movies" for 127.0.0.1 at 2013-08-01 07:16:40 -0700
  Processing by MoviesController#index as HTML
  [1m[35mMovie Load (7.1ms)[0m  SELECT "movies".* FROM "movies" 
Rendered movies/index.html.haml within layouts/application (43.6ms)
Completed 200 OK in 376ms (Views: 344.3ms | ActiveRecord: 21.0ms)


Started GET "/assets/application.css?body=1" for 127.0.0.1 at 2013-08-01 07:16:41 -0700
Served asset /application.css - 304 Not Modified (53ms)


Started GET "/assets/jquery_ujs.js?body=1" for 127.0.0.1 at 2013-08-01 07:16:41 -0700
Served asset /jquery_ujs.js - 304 Not Modified (0ms)


Started GET "/assets/jquery.js?body=1" for 127.0.0.1 at 2013-08-01 07:16:41 -0700
Served asset /jquery.js - 304 Not Modified (0ms)


Started GET "/assets/application.js?body=1" for 127.0.0.1 at 2013-08-01 07:16:41 -0700
Served asset /application.js - 304 Not Modified (10ms)


Started GET "/movies/new" for 127.0.0.1 at 2013-08-01 07:16:44 -0700
  Processing by MoviesController#new as HTML
Rendered movies/new.html.haml within layouts/application (13.3ms)
Completed 200 OK in 314ms (Views: 312.4ms | ActiveRecord: 0.0ms)


Started GET "/assets/application.js?body=1" for 127.0.0.1 at 2013-08-01 07:16:44 -0700
Served asset /application.js - 304 Not Modified (15ms)


Started GET "/assets/jquery.js?body=1" for 127.0.0.1 at 2013-08-01 07:16:45 -0700
Served asset /jquery.js - 304 Not Modified (0ms)


Started GET "/assets/application.css?body=1" for 127.0.0.1 at 2013-08-01 07:16:45 -0700
Served asset /application.css - 304 Not Modified (1ms)


Started GET "/assets/jquery_ujs.js?body=1" for 127.0.0.1 at 2013-08-01 07:16:45 -0700
Served asset /jquery_ujs.js - 304 Not Modified (0ms)


Started GET "/movies" for 127.0.0.1 at 2013-08-01 07:29:33 -0700
  Processing by MoviesController#index as HTML
  [1m[36mMovie Load (10.0ms)[0m  [1mSELECT "movies".* FROM "movies" [0m
Rendered movies/index.html.haml within layouts/application (72.3ms)
Completed 200 OK in 10647ms (Views: 457.6ms | ActiveRecord: 30.6ms)


Started GET "/assets/application.css?body=1" for 127.0.0.1 at 2013-08-01 07:29:44 -0700
Served asset /application.css - 304 Not Modified (15ms)


Started GET "/assets/jquery.js?body=1" for 127.0.0.1 at 2013-08-01 07:29:45 -0700
Served asset /jquery.js - 304 Not Modified (0ms)


Started GET "/assets/application.js?body=1" for 127.0.0.1 at 2013-08-01 07:29:45 -0700
Served asset /application.js - 304 Not Modified (19ms)


Started GET "/assets/jquery_ujs.js?body=1" for 127.0.0.1 at 2013-08-01 07:29:45 -0700
Served asset /jquery_ujs.js - 304 Not Modified (0ms)


Started GET "/movies" for 127.0.0.1 at 2013-08-01 07:29:50 -0700
  Processing by MoviesController#index as HTML
  [1m[35mMovie Load (41.0ms)[0m  SELECT "movies".* FROM "movies" 
Rendered movies/index.html.haml within layouts/application (156.1ms)
Completed 200 OK in 53398ms (Views: 633.5ms | ActiveRecord: 90.7ms)


Started GET "/movies/new" for 127.0.0.1 at 2013-08-01 07:30:44 -0700
  Processing by MoviesController#new as HTML
Rendered movies/new.html.haml within layouts/application (22.9ms)
Completed 200 OK in 370ms (Views: 369.0ms | ActiveRecord: 0.0ms)


Started GET "/assets/application.css?body=1" for 127.0.0.1 at 2013-08-01 07:30:45 -0700
Served asset /application.css - 304 Not Modified (7ms)


Started GET "/assets/jquery_ujs.js?body=1" for 127.0.0.1 at 2013-08-01 07:30:45 -0700
Served asset /jquery_ujs.js - 304 Not Modified (0ms)


Started GET "/assets/jquery.js?body=1" for 127.0.0.1 at 2013-08-01 07:30:45 -0700
Served asset /jquery.js - 304 Not Modified (0ms)


Started GET "/assets/application.js?body=1" for 127.0.0.1 at 2013-08-01 07:30:45 -0700
Served asset /application.js - 304 Not Modified (7ms)


Started GET "/movies/new" for 127.0.0.1 at 2013-08-01 07:32:52 -0700
  Processing by MoviesController#new as HTML
Rendered movies/new.html.haml within layouts/application (18.9ms)
Completed 200 OK in 349ms (Views: 347.6ms | ActiveRecord: 0.0ms)


Started GET "/assets/application.css?body=1" for 127.0.0.1 at 2013-08-01 07:32:53 -0700
Served asset /application.css - 304 Not Modified (2ms)


Started GET "/assets/application.js?body=1" for 127.0.0.1 at 2013-08-01 07:32:53 -0700
Served asset /application.js - 304 Not Modified (12ms)


Started GET "/assets/jquery.js?body=1" for 127.0.0.1 at 2013-08-01 07:32:53 -0700
Served asset /jquery.js - 304 Not Modified (0ms)


Started GET "/assets/jquery_ujs.js?body=1" for 127.0.0.1 at 2013-08-01 07:32:53 -0700
Served asset /jquery_ujs.js - 304 Not Modified (0ms)


Started GET "/movies" for 127.0.0.1 at 2013-08-01 07:33:20 -0700
  Processing by MoviesController#index as HTML
  [1m[36mMovie Load (7.7ms)[0m  [1mSELECT "movies".* FROM "movies" [0m
Rendered movies/index.html.haml within layouts/application (84.5ms)
Completed 200 OK in 425ms (Views: 386.8ms | ActiveRecord: 26.9ms)


Started GET "/assets/application.css?body=1" for 127.0.0.1 at 2013-08-01 07:33:21 -0700
Served asset /application.css - 304 Not Modified (9ms)


Started GET "/assets/jquery_ujs.js?body=1" for 127.0.0.1 at 2013-08-01 07:33:21 -0700
Served asset /jquery_ujs.js - 304 Not Modified (1ms)


Started GET "/assets/jquery.js?body=1" for 127.0.0.1 at 2013-08-01 07:33:21 -0700
Served asset /jquery.js - 304 Not Modified (1ms)


Started GET "/assets/application.js?body=1" for 127.0.0.1 at 2013-08-01 07:33:21 -0700
Served asset /application.js - 304 Not Modified (13ms)


Started GET "/movies/new" for 127.0.0.1 at 2013-08-01 07:42:40 -0700
  Processing by MoviesController#new as HTML
Rendered movies/new.html.haml within layouts/application (67.7ms)
Completed 200 OK in 878ms (Views: 877.6ms | ActiveRecord: 0.0ms)


Started GET "/movies" for 127.0.0.1 at 2013-08-01 07:42:47 -0700
  Processing by MoviesController#index as HTML
  [1m[36mMovie Load (14.4ms)[0m  [1mSELECT "movies".* FROM "movies" [0m
Rendered movies/index.html.haml within layouts/application (981.6ms)
Completed 500 Internal Server Error in 71750ms

ActionView::Template::Error (undefined local variable or method `movie' for #<#<Class:0xb38729b4>:0xb38709ac>):
    4: %table#movies
    5:   %thead
    6:     %tr
    7:       %th= link_to "Movie", movie, :id => 'title header'
    8:       %th Rating
    9:       %th Release Date
    10:       %th More Info
  app/views/movies/index.html.haml:7:in `_app_views_movies_index_html_haml__954862551__641499508'

Rendered /usr/local/lib/ruby/gems/1.9.1/gems/actionpack-3.1.0/lib/action_dispatch/middleware/templates/rescues/_trace.erb (12.2ms)
Rendered /usr/local/lib/ruby/gems/1.9.1/gems/actionpack-3.1.0/lib/action_dispatch/middleware/templates/rescues/_request_and_response.erb (7.9ms)
Rendered /usr/local/lib/ruby/gems/1.9.1/gems/actionpack-3.1.0/lib/action_dispatch/middleware/templates/rescues/template_error.erb within rescues/layout (84.7ms)


Started GET "/assets/application.css?body=1" for 127.0.0.1 at 2013-08-01 07:44:00 -0700
Served asset /application.css - 304 Not Modified (67ms)


Started GET "/assets/application.js?body=1" for 127.0.0.1 at 2013-08-01 07:44:00 -0700
Served asset /application.js - 304 Not Modified (203ms)


Started GET "/assets/jquery.js?body=1" for 127.0.0.1 at 2013-08-01 07:44:01 -0700
Served asset /jquery.js - 304 Not Modified (90ms)


Started GET "/assets/jquery_ujs.js?body=1" for 127.0.0.1 at 2013-08-01 07:44:01 -0700
Served asset /jquery_ujs.js - 304 Not Modified (68ms)


Started GET "/movies" for 127.0.0.1 at 2013-08-01 07:44:14 -0700
  Processing by MoviesController#index as HTML
  [1m[35mMovie Load (11.2ms)[0m  SELECT "movies".* FROM "movies" 
Rendered movies/index.html.haml within layouts/application (512.5ms)
Completed 500 Internal Server Error in 100748ms

ActionView::Template::Error (undefined local variable or method `movie' for #<#<Class:0x94a4c74>:0x93ee7a8>):
    4: %table#movies
    5:   %thead
    6:     %tr
    7:       %th= link_to "Movie nee", movie, :id => 'title header'
    8:       %th Rating
    9:       %th Release Date
    10:       %th More Info
  app/views/movies/index.html.haml:7:in `_app_views_movies_index_html_haml__954862551_77557090'

Rendered /usr/local/lib/ruby/gems/1.9.1/gems/actionpack-3.1.0/lib/action_dispatch/middleware/templates/rescues/_trace.erb (3.6ms)
Rendered /usr/local/lib/ruby/gems/1.9.1/gems/actionpack-3.1.0/lib/action_dispatch/middleware/templates/rescues/_request_and_response.erb (10.0ms)
Rendered /usr/local/lib/ruby/gems/1.9.1/gems/actionpack-3.1.0/lib/action_dispatch/middleware/templates/rescues/template_error.erb within rescues/layout (30.6ms)


Started GET "/movies" for 127.0.0.1 at 2013-08-01 07:47:54 -0700
  Processing by MoviesController#index as HTML
  [1m[36mMovie Load (25.5ms)[0m  [1mSELECT "movies".* FROM "movies" [0m
Rendered movies/index.html.haml within layouts/application (412.4ms)
Completed 500 Internal Server Error in 6457ms

ActionView::Template::Error (undefined local variable or method `movie' for #<#<Class:0xb34b6690>:0xb34a8144>):
    4: %table#movies
    5:   %thead
    6:     %tr
    7:       %th= link_to "Movie nee", movie, :id => 'title_header'
    8:       %th Rating
    9:       %th Release Date
    10:       %th More Info
  app/views/movies/index.html.haml:7:in `_app_views_movies_index_html_haml__954862551__643483678'

Rendered /usr/local/lib/ruby/gems/1.9.1/gems/actionpack-3.1.0/lib/action_dispatch/middleware/templates/rescues/_trace.erb (11.2ms)
Rendered /usr/local/lib/ruby/gems/1.9.1/gems/actionpack-3.1.0/lib/action_dispatch/middleware/templates/rescues/_request_and_response.erb (3.2ms)
Rendered /usr/local/lib/ruby/gems/1.9.1/gems/actionpack-3.1.0/lib/action_dispatch/middleware/templates/rescues/template_error.erb within rescues/layout (26.0ms)


Started GET "/movies" for 127.0.0.1 at 2013-08-01 07:48:05 -0700
  Processing by MoviesController#index as HTML
  [1m[35mMovie Load (15.6ms)[0m  SELECT "movies".* FROM "movies" 
Rendered movies/index.html.haml within layouts/application (388.6ms)
Completed 500 Internal Server Error in 276627ms

ActionView::Template::Error (undefined local variable or method `movie' for #<#<Class:0xb040e24>:0x8b5c8c4>):
    4: %table#movies
    5:   %thead
    6:     %tr
    7:       %th= link_to "Movie nee", movie, :id => "title_header"
    8:       %th Rating
    9:       %th Release Date
    10:       %th More Info
  app/views/movies/index.html.haml:7:in `_app_views_movies_index_html_haml__954862551_73562730'

Rendered /usr/local/lib/ruby/gems/1.9.1/gems/actionpack-3.1.0/lib/action_dispatch/middleware/templates/rescues/_trace.erb (6.6ms)
Rendered /usr/local/lib/ruby/gems/1.9.1/gems/actionpack-3.1.0/lib/action_dispatch/middleware/templates/rescues/_request_and_response.erb (3.7ms)
Rendered /usr/local/lib/ruby/gems/1.9.1/gems/actionpack-3.1.0/lib/action_dispatch/middleware/templates/rescues/template_error.erb within rescues/layout (21.0ms)


Started GET "/movies" for 127.0.0.1 at 2013-08-01 07:52:44 -0700
  Processing by MoviesController#index as HTML
  [1m[36mMovie Load (19.6ms)[0m  [1mSELECT "movies".* FROM "movies" [0m
Rendered movies/index.html.haml within layouts/application (253.0ms)
Completed 500 Internal Server Error in 22709ms

ActionView::Template::Error (undefined local variable or method `movie' for #<#<Class:0xade5f08>:0xadd44ec>):
    4: %table#movies
    5:   %thead
    6:     %tr
    7:       %th= link_to "Movie nee", movie, :id => "title_header"
    8:       %th Rating
    9:       %th Release Date
    10:       %th More Info
  app/views/movies/index.html.haml:7:in `_app_views_movies_index_html_haml__954862551_73562730'

Rendered /usr/local/lib/ruby/gems/1.9.1/gems/actionpack-3.1.0/lib/action_dispatch/middleware/templates/rescues/_trace.erb (4.1ms)
Rendered /usr/local/lib/ruby/gems/1.9.1/gems/actionpack-3.1.0/lib/action_dispatch/middleware/templates/rescues/_request_and_response.erb (3.1ms)
Rendered /usr/local/lib/ruby/gems/1.9.1/gems/actionpack-3.1.0/lib/action_dispatch/middleware/templates/rescues/template_error.erb within rescues/layout (16.4ms)


Started GET "/movies" for 127.0.0.1 at 2013-08-01 07:53:27 -0700
  Processing by MoviesController#index as HTML
  [1m[35mMovie Load (6.5ms)[0m  SELECT "movies".* FROM "movies" 
Rendered movies/index.html.haml within layouts/application (199.4ms)
Completed 500 Internal Server Error in 566ms

ActionView::Template::Error (undefined local variable or method `movie' for #<#<Class:0xb3512224>:0xb3505da8>):
    4: %table#movies
    5:   %thead
    6:     %tr
    7:       %th= link_to "Movie nee", movie, :id => "title_header"
    8:       %th Rating
    9:       %th Release Date
    10:       %th More Info
  app/views/movies/index.html.haml:7:in `_app_views_movies_index_html_haml__954862551_73562730'

Rendered /usr/local/lib/ruby/gems/1.9.1/gems/actionpack-3.1.0/lib/action_dispatch/middleware/templates/rescues/_trace.erb (3.4ms)
Rendered /usr/local/lib/ruby/gems/1.9.1/gems/actionpack-3.1.0/lib/action_dispatch/middleware/templates/rescues/_request_and_response.erb (4.1ms)
Rendered /usr/local/lib/ruby/gems/1.9.1/gems/actionpack-3.1.0/lib/action_dispatch/middleware/templates/rescues/template_error.erb within rescues/layout (13.6ms)


Started GET "/movies/new" for 127.0.0.1 at 2013-08-01 07:54:07 -0700
  Processing by MoviesController#new as HTML
Rendered movies/new.html.haml within layouts/application (139.8ms)
Completed 200 OK in 720ms (Views: 717.6ms | ActiveRecord: 0.0ms)


Started GET "/assets/application.css?body=1" for 127.0.0.1 at 2013-08-01 07:54:15 -0700
Served asset /application.css - 304 Not Modified (19ms)


Started GET "/assets/jquery.js?body=1" for 127.0.0.1 at 2013-08-01 07:54:15 -0700
Served asset /jquery.js - 304 Not Modified (64ms)


Started GET "/assets/jquery_ujs.js?body=1" for 127.0.0.1 at 2013-08-01 07:54:15 -0700
Served asset /jquery_ujs.js - 304 Not Modified (45ms)


Started GET "/assets/application.js?body=1" for 127.0.0.1 at 2013-08-01 07:54:15 -0700
Served asset /application.js - 304 Not Modified (35ms)


Started GET "/movies" for 127.0.0.1 at 2013-08-01 07:54:26 -0700
  Processing by MoviesController#index as HTML
  [1m[36mMovie Load (11.9ms)[0m  [1mSELECT "movies".* FROM "movies" [0m
Rendered movies/index.html.haml within layouts/application (319.4ms)
Completed 500 Internal Server Error in 661ms

ActionView::Template::Error (undefined local variable or method `movie' for #<#<Class:0xb3accac0>:0xb3acaf18>):
    4: %table#movies
    5:   %thead
    6:     %tr
    7:       %th= link_to "Movie nee", movie, :id => "title_header"
    8:       %th Rating
    9:       %th Release Date
    10:       %th More Info
  app/views/movies/index.html.haml:7:in `_app_views_movies_index_html_haml__914587735__640265508'

Rendered /usr/local/lib/ruby/gems/1.9.1/gems/actionpack-3.1.0/lib/action_dispatch/middleware/templates/rescues/_trace.erb (3.9ms)
Rendered /usr/local/lib/ruby/gems/1.9.1/gems/actionpack-3.1.0/lib/action_dispatch/middleware/templates/rescues/_request_and_response.erb (4.7ms)
Rendered /usr/local/lib/ruby/gems/1.9.1/gems/actionpack-3.1.0/lib/action_dispatch/middleware/templates/rescues/template_error.erb within rescues/layout (15.4ms)


Started GET "/movies" for 127.0.0.1 at 2013-08-01 07:55:17 -0700
  Processing by MoviesController#index as HTML
  [1m[35mMovie Load (6.8ms)[0m  SELECT "movies".* FROM "movies" 
Rendered movies/index.html.haml within layouts/application (78.9ms)
Completed 200 OK in 447ms (Views: 426.5ms | ActiveRecord: 16.0ms)


Started GET "/assets/jquery.js?body=1" for 127.0.0.1 at 2013-08-01 07:55:18 -0700
Served asset /jquery.js - 304 Not Modified (0ms)


Started GET "/assets/application.css?body=1" for 127.0.0.1 at 2013-08-01 07:55:18 -0700
Served asset /application.css - 304 Not Modified (3ms)


Started GET "/assets/jquery_ujs.js?body=1" for 127.0.0.1 at 2013-08-01 07:55:19 -0700
Served asset /jquery_ujs.js - 304 Not Modified (0ms)


Started GET "/assets/application.js?body=1" for 127.0.0.1 at 2013-08-01 07:55:19 -0700
Served asset /application.js - 304 Not Modified (6ms)


Started GET "/movies" for 127.0.0.1 at 2013-08-01 08:08:30 -0700
  Processing by MoviesController#index as HTML
  [1m[36mMovie Load (4.9ms)[0m  [1mSELECT "movies".* FROM "movies" [0m
Rendered movies/index.html.haml within layouts/application (583.9ms)
Completed 200 OK in 997ms (Views: 971.7ms | ActiveRecord: 21.0ms)


Started GET "/assets/application.css?body=1" for 127.0.0.1 at 2013-08-01 08:08:32 -0700
Served asset /application.css - 304 Not Modified (7ms)


Started GET "/assets/jquery.js?body=1" for 127.0.0.1 at 2013-08-01 08:08:32 -0700
Served asset /jquery.js - 304 Not Modified (2ms)


Started GET "/assets/jquery_ujs.js?body=1" for 127.0.0.1 at 2013-08-01 08:08:32 -0700
Served asset /jquery_ujs.js - 304 Not Modified (1ms)


Started GET "/assets/application.js?body=1" for 127.0.0.1 at 2013-08-01 08:08:32 -0700
Served asset /application.js - 304 Not Modified (11ms)


Started GET "/movies/new" for 127.0.0.1 at 2013-08-01 08:08:36 -0700
  Processing by MoviesController#new as HTML
Rendered movies/new.html.haml within layouts/application (35.5ms)
Completed 200 OK in 493ms (Views: 492.3ms | ActiveRecord: 0.0ms)


Started GET "/assets/application.css?body=1" for 127.0.0.1 at 2013-08-01 08:08:37 -0700
Served asset /application.css - 304 Not Modified (5ms)


Started GET "/assets/jquery.js?body=1" for 127.0.0.1 at 2013-08-01 08:08:37 -0700
Served asset /jquery.js - 304 Not Modified (0ms)


Started GET "/assets/application.js?body=1" for 127.0.0.1 at 2013-08-01 08:08:37 -0700
Served asset /application.js - 304 Not Modified (14ms)


Started GET "/assets/jquery_ujs.js?body=1" for 127.0.0.1 at 2013-08-01 08:08:37 -0700
Served asset /jquery_ujs.js - 304 Not Modified (0ms)


Started GET "/movies/new" for 127.0.0.1 at 2013-08-01 08:09:57 -0700
  Processing by MoviesController#new as HTML
Rendered movies/new.html.haml within layouts/application (34.3ms)
Completed 200 OK in 384ms (Views: 380.0ms | ActiveRecord: 0.0ms)


Started GET "/assets/application.css?body=1" for 127.0.0.1 at 2013-08-01 08:09:58 -0700
Served asset /application.css - 304 Not Modified (3ms)


Started GET "/assets/jquery.js?body=1" for 127.0.0.1 at 2013-08-01 08:09:58 -0700
Served asset /jquery.js - 304 Not Modified (0ms)


Started GET "/assets/jquery_ujs.js?body=1" for 127.0.0.1 at 2013-08-01 08:09:58 -0700
Served asset /jquery_ujs.js - 304 Not Modified (2ms)


Started GET "/assets/application.js?body=1" for 127.0.0.1 at 2013-08-01 08:09:58 -0700
Served asset /application.js - 304 Not Modified (24ms)


Started GET "/movies" for 127.0.0.1 at 2013-08-01 08:10:43 -0700
  Processing by MoviesController#index as HTML
  [1m[35mMovie Load (6.3ms)[0m  SELECT "movies".* FROM "movies" 
Rendered movies/index.html.haml within layouts/application (154.6ms)
Completed 200 OK in 15483ms (Views: 439.6ms | ActiveRecord: 17.0ms)


Started GET "/assets/application.css?body=1" for 127.0.0.1 at 2013-08-01 08:10:59 -0700
Served asset /application.css - 304 Not Modified (21ms)


Started GET "/assets/jquery.js?body=1" for 127.0.0.1 at 2013-08-01 08:10:59 -0700
Served asset /jquery.js - 304 Not Modified (0ms)


Started GET "/assets/jquery_ujs.js?body=1" for 127.0.0.1 at 2013-08-01 08:10:59 -0700
Served asset /jquery_ujs.js - 304 Not Modified (10ms)


Started GET "/assets/application.js?body=1" for 127.0.0.1 at 2013-08-01 08:10:59 -0700
Served asset /application.js - 304 Not Modified (9ms)


Started GET "/movies/new" for 127.0.0.1 at 2013-08-01 08:11:03 -0700
  Processing by MoviesController#new as HTML
Rendered movies/new.html.haml within layouts/application (33.9ms)
Completed 200 OK in 338ms (Views: 336.9ms | ActiveRecord: 0.0ms)


Started GET "/assets/application.css?body=1" for 127.0.0.1 at 2013-08-01 08:11:04 -0700
Served asset /application.css - 304 Not Modified (7ms)


Started GET "/assets/jquery.js?body=1" for 127.0.0.1 at 2013-08-01 08:11:04 -0700
Served asset /jquery.js - 304 Not Modified (0ms)


Started GET "/assets/application.js?body=1" for 127.0.0.1 at 2013-08-01 08:11:04 -0700
Served asset /application.js - 304 Not Modified (22ms)


Started GET "/assets/jquery_ujs.js?body=1" for 127.0.0.1 at 2013-08-01 08:11:04 -0700
Served asset /jquery_ujs.js - 304 Not Modified (9ms)


Started GET "/movies" for 127.0.0.1 at 2013-08-01 08:12:17 -0700
  Processing by MoviesController#index as HTML
  [1m[36mMovie Load (7.9ms)[0m  [1mSELECT "movies".* FROM "movies" [0m
Rendered movies/index.html.haml within layouts/application (43.9ms)
Completed 200 OK in 12357ms (Views: 280.3ms | ActiveRecord: 15.0ms)


Started GET "/assets/application.css?body=1" for 127.0.0.1 at 2013-08-01 08:12:30 -0700
Served asset /application.css - 304 Not Modified (2ms)


Started GET "/assets/jquery.js?body=1" for 127.0.0.1 at 2013-08-01 08:12:30 -0700
Served asset /jquery.js - 304 Not Modified (0ms)


Started GET "/assets/application.js?body=1" for 127.0.0.1 at 2013-08-01 08:12:30 -0700
Served asset /application.js - 304 Not Modified (6ms)


Started GET "/assets/jquery_ujs.js?body=1" for 127.0.0.1 at 2013-08-01 08:12:30 -0700
Served asset /jquery_ujs.js - 304 Not Modified (0ms)


Started GET "/movies" for 127.0.0.1 at 2013-08-01 08:15:12 -0700
  Processing by MoviesController#index as HTML
  [1m[35mMovie Load (19.5ms)[0m  SELECT "movies".* FROM "movies" 
Rendered movies/index.html.haml within layouts/application (261.4ms)
Completed 200 OK in 9647ms (Views: 957.3ms | ActiveRecord: 43.9ms)


Started GET "/assets/application.css?body=1" for 127.0.0.1 at 2013-08-01 08:15:22 -0700
Served asset /application.css - 304 Not Modified (14ms)


Started GET "/assets/jquery.js?body=1" for 127.0.0.1 at 2013-08-01 08:15:23 -0700
Served asset /jquery.js - 304 Not Modified (6ms)


Started GET "/assets/jquery_ujs.js?body=1" for 127.0.0.1 at 2013-08-01 08:15:23 -0700
Served asset /jquery_ujs.js - 304 Not Modified (0ms)


Started GET "/assets/application.js?body=1" for 127.0.0.1 at 2013-08-01 08:15:23 -0700
Served asset /application.js - 304 Not Modified (17ms)


Started GET "/movies" for 127.0.0.1 at 2013-08-01 08:15:26 -0700
  Processing by MoviesController#index as HTML
  [1m[36mMovie Load (23.5ms)[0m  [1mSELECT "movies".* FROM "movies" [0m
Rendered movies/index.html.haml within layouts/application (92.3ms)
Completed 200 OK in 330769ms (Views: 401.8ms | ActiveRecord: 60.5ms)


Started GET "/movies" for 127.0.0.1 at 2013-08-01 08:20:57 -0700
  Processing by MoviesController#index as HTML
  [1m[35mMovie Load (14.3ms)[0m  SELECT "movies".* FROM "movies" 
Rendered movies/index.html.haml within layouts/application (274.1ms)
Completed 200 OK in 17520ms (Views: 767.8ms | ActiveRecord: 33.9ms)


Started GET "/assets/application.css?body=1" for 127.0.0.1 at 2013-08-01 08:21:15 -0700
Served asset /application.css - 304 Not Modified (16ms)


Started GET "/assets/jquery_ujs.js?body=1" for 127.0.0.1 at 2013-08-01 08:21:15 -0700
Served asset /jquery_ujs.js - 304 Not Modified (5ms)


Started GET "/assets/jquery.js?body=1" for 127.0.0.1 at 2013-08-01 08:21:15 -0700
Served asset /jquery.js - 304 Not Modified (0ms)


Started GET "/assets/application.js?body=1" for 127.0.0.1 at 2013-08-01 08:21:15 -0700
Served asset /application.js - 304 Not Modified (13ms)


Started GET "/movies" for 127.0.0.1 at 2013-08-01 08:21:22 -0700
  Processing by MoviesController#index as HTML
  [1m[36mMovie Load (23.4ms)[0m  [1mSELECT "movies".* FROM "movies" [0m
Rendered movies/index.html.haml within layouts/application (126.4ms)
Completed 200 OK in 130200ms (Views: 677.8ms | ActiveRecord: 52.2ms)


Started GET "/assets/jquery.js?body=1" for 127.0.0.1 at 2013-08-01 08:23:33 -0700
Served asset /jquery.js - 304 Not Modified (4ms)


Started GET "/assets/application.css?body=1" for 127.0.0.1 at 2013-08-01 08:23:33 -0700
Served asset /application.css - 304 Not Modified (12ms)


Started GET "/assets/jquery_ujs.js?body=1" for 127.0.0.1 at 2013-08-01 08:23:33 -0700
Served asset /jquery_ujs.js - 304 Not Modified (9ms)


Started GET "/assets/application.js?body=1" for 127.0.0.1 at 2013-08-01 08:23:34 -0700
Served asset /application.js - 304 Not Modified (17ms)


Started GET "/movies" for 127.0.0.1 at 2013-08-01 08:23:39 -0700
  Processing by MoviesController#index as HTML
  [1m[35mMovie Load (19.4ms)[0m  SELECT "movies".* FROM "movies" 
Rendered movies/index.html.haml within layouts/application (326.0ms)
Completed 200 OK in 335721ms (Views: 843.4ms | ActiveRecord: 49.8ms)


Started GET "/assets/application.css?body=1" for 127.0.0.1 at 2013-08-01 08:29:16 -0700
Served asset /application.css - 304 Not Modified (5ms)


Started GET "/assets/application.js?body=1" for 127.0.0.1 at 2013-08-01 08:29:16 -0700
Served asset /application.js - 304 Not Modified (15ms)


Started GET "/assets/jquery.js?body=1" for 127.0.0.1 at 2013-08-01 08:29:16 -0700
Served asset /jquery.js - 304 Not Modified (0ms)


Started GET "/assets/jquery_ujs.js?body=1" for 127.0.0.1 at 2013-08-01 08:29:16 -0700
Served asset /jquery_ujs.js - 304 Not Modified (0ms)


Started GET "/movies" for 127.0.0.1 at 2013-08-01 08:29:20 -0700
  Processing by MoviesController#index as HTML
  [1m[36mMovie Load (14.9ms)[0m  [1mSELECT "movies".* FROM "movies" [0m
Rendered movies/index.html.haml within layouts/application (84.0ms)
Completed 200 OK in 9117ms (Views: 686.7ms | ActiveRecord: 47.5ms)


Started GET "/assets/jquery_ujs.js?body=1" for 127.0.0.1 at 2013-08-01 08:29:29 -0700
Served asset /jquery_ujs.js - 304 Not Modified (1ms)


Started GET "/assets/application.js?body=1" for 127.0.0.1 at 2013-08-01 08:29:30 -0700
Served asset /application.js - 304 Not Modified (19ms)


Started GET "/assets/application.css?body=1" for 127.0.0.1 at 2013-08-01 08:29:30 -0700
Served asset /application.css - 304 Not Modified (4ms)


Started GET "/assets/jquery.js?body=1" for 127.0.0.1 at 2013-08-01 08:29:30 -0700
Served asset /jquery.js - 304 Not Modified (0ms)


Started GET "/movies" for 127.0.0.1 at 2013-08-01 08:41:06 -0700
  Processing by MoviesController#index as HTML
  [1m[35mMovie Load (21.2ms)[0m  SELECT "movies".* FROM "movies" 
Rendered movies/index.html.haml within layouts/application (705.0ms)
Completed 500 Internal Server Error in 9514ms

ActionView::Template::Error (undefined local variable or method `title' for #<#<Class:0xc05d938>:0xc0356b8>):
    4: %table#movies
    5:   %thead
    6:     %tr
    7:       %th= link_to "Movie", @sort=title, :id => "title_header"
    8:       %th Rating
    9:       %th= link_to "Release Date", movies_path, :id => "release_date_header"
    10:       %th More Info
  app/views/movies/index.html.haml:7:in `_app_views_movies_index_html_haml__914587735_100572450'

Rendered /usr/local/lib/ruby/gems/1.9.1/gems/actionpack-3.1.0/lib/action_dispatch/middleware/templates/rescues/_trace.erb (6.7ms)
Rendered /usr/local/lib/ruby/gems/1.9.1/gems/actionpack-3.1.0/lib/action_dispatch/middleware/templates/rescues/_request_and_response.erb (4.3ms)
Rendered /usr/local/lib/ruby/gems/1.9.1/gems/actionpack-3.1.0/lib/action_dispatch/middleware/templates/rescues/template_error.erb within rescues/layout (32.7ms)


Started GET "/movies" for 127.0.0.1 at 2013-08-01 08:44:49 -0700
  Processing by MoviesController#index as HTML
  [1m[36mMovie Load (21.4ms)[0m  [1mSELECT "movies".* FROM "movies" [0m
Rendered movies/index.html.haml within layouts/application (290.8ms)
Completed 500 Internal Server Error in 828ms

ActionView::Template::Error (undefined local variable or method `title' for #<#<Class:0xb36c1c78>:0xb369a164>):
    4: %table#movies
    5:   %thead
    6:     %tr
    7:       %th= link_to "Movie", movies_path(@sort=title), :id => "title_header"
    8:       %th Rating
    9:       %th= link_to "Release Date", movies_path, :id => "release_date_header"
    10:       %th More Info
  app/views/movies/index.html.haml:7:in `_app_views_movies_index_html_haml__914587735__642464268'

Rendered /usr/local/lib/ruby/gems/1.9.1/gems/actionpack-3.1.0/lib/action_dispatch/middleware/templates/rescues/_trace.erb (13.0ms)
Rendered /usr/local/lib/ruby/gems/1.9.1/gems/actionpack-3.1.0/lib/action_dispatch/middleware/templates/rescues/_request_and_response.erb (2.2ms)
Rendered /usr/local/lib/ruby/gems/1.9.1/gems/actionpack-3.1.0/lib/action_dispatch/middleware/templates/rescues/template_error.erb within rescues/layout (22.6ms)


Started GET "/movies" for 127.0.0.1 at 2013-08-01 08:44:53 -0700
  Processing by MoviesController#index as HTML
  [1m[35mMovie Load (21.1ms)[0m  SELECT "movies".* FROM "movies" 
Rendered movies/index.html.haml within layouts/application (72.6ms)
Completed 200 OK in 42661ms (Views: 377.5ms | ActiveRecord: 33.9ms)


Started GET "/movies" for 127.0.0.1 at 2013-08-01 08:45:37 -0700
  Processing by MoviesController#index as HTML
  [1m[36mMovie Load (6.0ms)[0m  [1mSELECT "movies".* FROM "movies" [0m
Rendered movies/index.html.haml within layouts/application (101.0ms)
Completed 200 OK in 49292ms (Views: 395.3ms | ActiveRecord: 32.8ms)


Started GET "/movies" for 127.0.0.1 at 2013-08-01 08:46:27 -0700
  Processing by MoviesController#index as HTML
  [1m[35mMovie Load (13.1ms)[0m  SELECT "movies".* FROM "movies" 
Rendered movies/index.html.haml within layouts/application (144.7ms)
Completed 200 OK in 21785ms (Views: 495.0ms | ActiveRecord: 35.9ms)


Started GET "/assets/jquery_ujs.js?body=1" for 127.0.0.1 at 2013-08-01 08:46:49 -0700
Served asset /jquery_ujs.js - 304 Not Modified (0ms)


Started GET "/assets/application.js?body=1" for 127.0.0.1 at 2013-08-01 08:46:49 -0700
Served asset /application.js - 304 Not Modified (14ms)


Started GET "/assets/application.css?body=1" for 127.0.0.1 at 2013-08-01 08:46:49 -0700
Served asset /application.css - 304 Not Modified (11ms)


Started GET "/assets/jquery.js?body=1" for 127.0.0.1 at 2013-08-01 08:46:49 -0700
Served asset /jquery.js - 304 Not Modified (0ms)


Started GET "/movies.title" for 127.0.0.1 at 2013-08-01 08:46:54 -0700
  Processing by MoviesController#index as 
  [1m[36mMovie Load (9.5ms)[0m  [1mSELECT "movies".* FROM "movies" [0m
Rendered movies/index.html.haml within layouts/application (74.0ms)
Completed 500 Internal Server Error in 248144ms

ActionView::Template::Error (Illegal element: classes and ids must have values.):
    4: %table#movies
    5:   %thead
    6:     %tr
    7: #     %th= link_to "Movie", movies_path(@sort="title"), :id => "title_header"
    8:       %th= link_to "Movie", to: :sort, :id => "title_header"
    9:       %th Rating
    10:       %th= link_to "Release Date", movies_path, :id => "release_date_header"
  app/views/movies/index.html.haml:7

Rendered /usr/local/lib/ruby/gems/1.9.1/gems/actionpack-3.1.0/lib/action_dispatch/middleware/templates/rescues/_trace.erb (3.2ms)
Rendered /usr/local/lib/ruby/gems/1.9.1/gems/actionpack-3.1.0/lib/action_dispatch/middleware/templates/rescues/_request_and_response.erb (3.7ms)
Rendered /usr/local/lib/ruby/gems/1.9.1/gems/actionpack-3.1.0/lib/action_dispatch/middleware/templates/rescues/template_error.erb within rescues/layout (13.8ms)


Started GET "/movies.title" for 127.0.0.1 at 2013-08-01 08:51:58 -0700
  Processing by MoviesController#index as 
  [1m[35mMovie Load (19.5ms)[0m  SELECT "movies".* FROM "movies" 
Rendered movies/index.html.haml within layouts/application (66.4ms)
Completed 500 Internal Server Error in 10116ms

ActionView::Template::Error (Illegal element: classes and ids must have values.):
    4: %table#movies
    5:   %thead
    6:     %tr
    7: #     %th= link_to "Movie", movies_path(@sort="title"), :id => "title_header"
    8:       %th Rating
    9:       %th= link_to "Release Date", movies_path, :id => "release_date_header"
    10:       %th More Info
  app/views/movies/index.html.haml:7

Rendered /usr/local/lib/ruby/gems/1.9.1/gems/actionpack-3.1.0/lib/action_dispatch/middleware/templates/rescues/_trace.erb (3.6ms)
Rendered /usr/local/lib/ruby/gems/1.9.1/gems/actionpack-3.1.0/lib/action_dispatch/middleware/templates/rescues/_request_and_response.erb (8.9ms)
Rendered /usr/local/lib/ruby/gems/1.9.1/gems/actionpack-3.1.0/lib/action_dispatch/middleware/templates/rescues/template_error.erb within rescues/layout (23.6ms)


Started GET "/movies.title" for 127.0.0.1 at 2013-08-01 08:52:26 -0700
  Processing by MoviesController#index as 
  [1m[36mMovie Load (15.4ms)[0m  [1mSELECT "movies".* FROM "movies" [0m
Rendered movies/index.html.haml within layouts/application (84.1ms)
Completed 500 Internal Server Error in 7758ms

ActionView::Template::Error (Inconsistent indentation: 5 spaces were used for indentation, but the rest of the document was indented using 2 spaces.):
    4: %table#movies
    5:   %thead
    6:     %tr
    7:      %th= link_to "Movie", movies_path(@sort="title"), :id => "title_header"
    8:       %th Rating
    9:       %th= link_to "Release Date", movies_path, :id => "release_date_header"
    10:       %th More Info
  app/views/movies/index.html.haml:7

Rendered /usr/local/lib/ruby/gems/1.9.1/gems/actionpack-3.1.0/lib/action_dispatch/middleware/templates/rescues/_trace.erb (4.7ms)
Rendered /usr/local/lib/ruby/gems/1.9.1/gems/actionpack-3.1.0/lib/action_dispatch/middleware/templates/rescues/_request_and_response.erb (2.7ms)
Rendered /usr/local/lib/ruby/gems/1.9.1/gems/actionpack-3.1.0/lib/action_dispatch/middleware/templates/rescues/template_error.erb within rescues/layout (20.2ms)


Started GET "/movies" for 127.0.0.1 at 2013-08-01 08:52:47 -0700
  Processing by MoviesController#index as HTML
  [1m[35mMovie Load (8.9ms)[0m  SELECT "movies".* FROM "movies" 
Rendered movies/index.html.haml within layouts/application (75.0ms)
Completed 500 Internal Server Error in 7151ms

ActionView::Template::Error (Inconsistent indentation: 5 spaces were used for indentation, but the rest of the document was indented using 2 spaces.):
    4: %table#movies
    5:   %thead
    6:     %tr
    7:      %th= link_to "Movie", movies_path(@sort="title"), :id => "title_header"
    8:       %th Rating
    9:       %th= link_to "Release Date", movies_path, :id => "release_date_header"
    10:       %th More Info
  app/views/movies/index.html.haml:7

Rendered /usr/local/lib/ruby/gems/1.9.1/gems/actionpack-3.1.0/lib/action_dispatch/middleware/templates/rescues/_trace.erb (16.0ms)
Rendered /usr/local/lib/ruby/gems/1.9.1/gems/actionpack-3.1.0/lib/action_dispatch/middleware/templates/rescues/_request_and_response.erb (1.9ms)
Rendered /usr/local/lib/ruby/gems/1.9.1/gems/actionpack-3.1.0/lib/action_dispatch/middleware/templates/rescues/template_error.erb within rescues/layout (26.4ms)


Started GET "/movies" for 127.0.0.1 at 2013-08-01 08:53:24 -0700
  Processing by MoviesController#index as HTML
  [1m[36mMovie Load (9.3ms)[0m  [1mSELECT "movies".* FROM "movies" [0m
Rendered movies/index.html.haml within layouts/application (124.0ms)
Completed 200 OK in 5863ms (Views: 514.5ms | ActiveRecord: 26.0ms)


Started GET "/assets/application.css?body=1" for 127.0.0.1 at 2013-08-01 08:53:30 -0700
Served asset /application.css - 304 Not Modified (4ms)


Started GET "/assets/jquery_ujs.js?body=1" for 127.0.0.1 at 2013-08-01 08:53:30 -0700
Served asset /jquery_ujs.js - 304 Not Modified (0ms)


Started GET "/assets/jquery.js?body=1" for 127.0.0.1 at 2013-08-01 08:53:30 -0700
Served asset /jquery.js - 304 Not Modified (1ms)


Started GET "/assets/application.js?body=1" for 127.0.0.1 at 2013-08-01 08:53:30 -0700
Served asset /application.js - 304 Not Modified (9ms)


Started GET "/movies.title" for 127.0.0.1 at 2013-08-01 08:53:44 -0700
  Processing by MoviesController#index as 
  [1m[35mMovie Load (40.4ms)[0m  SELECT "movies".* FROM "movies" 
ERROR: compiling _app_views_movies_index_html_haml__914587735_102315060 RAISED /media/windows-share/hw2_rottenpotatoes/app/views/movies/index.html.haml:9: syntax error, unexpected ',', expecting ')'
...es_path(@sort="release_date"),, :id => "release_date_header"
...                               ^
Function body:           def _app_views_movies_index_html_haml__914587735_102315060(local_assigns, output_buffer)
            _old_virtual_path, @virtual_path = @virtual_path, "movies/index";_old_output_buffer = @output_buffer;;begin;extend Haml::Helpers;_hamlout = @haml_buffer = Haml::Buffer.new(@haml_buffer, {:autoclose=>["meta", "img", "link", "br", "hr", "input", "area", "param", "col", "base"], :preserve=>["textarea", "pre", "code"], :attr_wrapper=>"'", :ugly=>false, :format=>:html5, :encoding=>"UTF-8", :escape_html=>true, :escape_attrs=>true});_erbout = _hamlout.buffer;__in_erb_template = true;;_hamlout.push_text("<h1>All Movies</h1>\n<table id='movies'>\n  <thead>\n    <tr>\n      <th>#{_hamlout.adjust_tabs(4); 





_hamlout.format_script_false_true_false_true_false_true_false((link_to "Movie", movies_path(@sort="title"), :id => "title_header"
));}</th>\n      <th>Rating</th>\n      <th>#{_hamlout.adjust_tabs(1); 
_hamlout.format_script_false_true_false_true_false_true_false((link_to "Release Date", movies_path(@sort="release_date"),, :id => "release_date_header"
));}</th>\n      <th>More Info</th>\n    </tr>\n  </thead>\n  <tbody>\n", -1, false);

 @movies.each do |movie|
_hamlout.push_text("    <tr>\n      <td>#{_hamlout.adjust_tabs(2); 
_hamlout.format_script_false_true_false_true_false_true_false((movie.title
));}</td>\n      <td>#{_hamlout.adjust_tabs(1); _hamlout.format_script_false_true_false_true_false_true_false((movie.rating
));}</td>\n      <td>#{_hamlout.adjust_tabs(1); _hamlout.format_script_false_true_false_true_false_true_false((movie.release_date
));}</td>\n      <td>#{_hamlout.adjust_tabs(1); _hamlout.format_script_false_true_false_true_false_true_false((link_to "More about #{movie.title}", movie_path(movie)
));}</td>\n    </tr>\n", -1, false);end
_hamlout.push_text("  </tbody>\n</table>\n#{_hamlout.adjust_tabs(-2); _hamlout.format_script_false_false_false_true_false_true_false(( link_to 'Add new movie', new_movie_path
));}\n", 0, false);::Haml::Util.html_safe(_erbout);ensure;@haml_buffer = @haml_buffer.upper if @haml_buffer;end;
          ensure
            @virtual_path, @output_buffer = _old_virtual_path, _old_output_buffer
          end
Backtrace: /usr/local/lib/ruby/gems/1.9.1/gems/actionpack-3.1.0/lib/action_view/template.rb:282:in `module_eval'
/usr/local/lib/ruby/gems/1.9.1/gems/actionpack-3.1.0/lib/action_view/template.rb:282:in `compile'
/usr/local/lib/ruby/gems/1.9.1/gems/actionpack-3.1.0/lib/action_view/template.rb:190:in `compile!'
/usr/local/lib/ruby/gems/1.9.1/gems/actionpack-3.1.0/lib/action_view/template.rb:143:in `block in render'
/usr/local/lib/ruby/gems/1.9.1/gems/activesupport-3.1.0/lib/active_support/notifications.rb:55:in `instrument'
/usr/local/lib/ruby/gems/1.9.1/gems/actionpack-3.1.0/lib/action_view/template.rb:142:in `render'
/usr/local/lib/ruby/gems/1.9.1/gems/actionpack-3.1.0/lib/action_view/renderer/template_renderer.rb:40:in `block (2 levels) in render_template'
/usr/local/lib/ruby/gems/1.9.1/gems/actionpack-3.1.0/lib/action_view/renderer/abstract_renderer.rb:33:in `block in instrument'
/usr/local/lib/ruby/gems/1.9.1/gems/activesupport-3.1.0/lib/active_support/notifications.rb:53:in `block in instrument'
/usr/local/lib/ruby/gems/1.9.1/gems/activesupport-3.1.0/lib/active_support/notifications/instrumenter.rb:21:in `instrument'
/usr/local/lib/ruby/gems/1.9.1/gems/activesupport-3.1.0/lib/active_support/notifications.rb:53:in `instrument'
/usr/local/lib/ruby/gems/1.9.1/gems/actionpack-3.1.0/lib/action_view/renderer/abstract_renderer.rb:33:in `instrument'
/usr/local/lib/ruby/gems/1.9.1/gems/actionpack-3.1.0/lib/action_view/renderer/template_renderer.rb:39:in `block in render_template'
/usr/local/lib/ruby/gems/1.9.1/gems/actionpack-3.1.0/lib/action_view/renderer/template_renderer.rb:47:in `render_with_layout'
/usr/local/lib/ruby/gems/1.9.1/gems/actionpack-3.1.0/lib/action_view/renderer/template_renderer.rb:38:in `render_template'
/usr/local/lib/ruby/gems/1.9.1/gems/actionpack-3.1.0/lib/action_view/renderer/template_renderer.rb:12:in `block in render'
/usr/local/lib/ruby/gems/1.9.1/gems/actionpack-3.1.0/lib/action_view/renderer/abstract_renderer.rb:22:in `wrap_formats'
/usr/local/lib/ruby/gems/1.9.1/gems/actionpack-3.1.0/lib/action_view/renderer/template_renderer.rb:9:in `render'
/usr/local/lib/ruby/gems/1.9.1/gems/actionpack-3.1.0/lib/action_view/renderer/renderer.rb:36:in `render_template'
/usr/local/lib/ruby/gems/1.9.1/gems/actionpack-3.1.0/lib/action_view/renderer/renderer.rb:17:in `render'
/usr/local/lib/ruby/gems/1.9.1/gems/actionpack-3.1.0/lib/abstract_controller/rendering.rb:120:in `_render_template'
/usr/local/lib/ruby/gems/1.9.1/gems/actionpack-3.1.0/lib/action_controller/metal/streaming.rb:250:in `_render_template'
/usr/local/lib/ruby/gems/1.9.1/gems/actionpack-3.1.0/lib/abstract_controller/rendering.rb:114:in `render_to_body'
/usr/local/lib/ruby/gems/1.9.1/gems/actionpack-3.1.0/lib/action_controller/metal/renderers.rb:30:in `render_to_body'
/usr/local/lib/ruby/gems/1.9.1/gems/actionpack-3.1.0/lib/action_controller/metal/compatibility.rb:43:in `render_to_body'
/usr/local/lib/ruby/gems/1.9.1/gems/actionpack-3.1.0/lib/abstract_controller/rendering.rb:99:in `render'
/usr/local/lib/ruby/gems/1.9.1/gems/actionpack-3.1.0/lib/action_controller/metal/rendering.rb:16:in `render'
/usr/local/lib/ruby/gems/1.9.1/gems/actionpack-3.1.0/lib/action_controller/metal/instrumentation.rb:40:in `block (2 levels) in render'
/usr/local/lib/ruby/gems/1.9.1/gems/activesupport-3.1.0/lib/active_support/core_ext/benchmark.rb:5:in `block in ms'
/usr/local/lib/ruby/1.9.1/benchmark.rb:310:in `realtime'
/usr/local/lib/ruby/gems/1.9.1/gems/activesupport-3.1.0/lib/active_support/core_ext/benchmark.rb:5:in `ms'
/usr/local/lib/ruby/gems/1.9.1/gems/actionpack-3.1.0/lib/action_controller/metal/instrumentation.rb:40:in `block in render'
/usr/local/lib/ruby/gems/1.9.1/gems/actionpack-3.1.0/lib/action_controller/metal/instrumentation.rb:78:in `cleanup_view_runtime'
/usr/local/lib/ruby/gems/1.9.1/gems/activerecord-3.1.0/lib/active_record/railties/controller_runtime.rb:24:in `cleanup_view_runtime'
/usr/local/lib/ruby/gems/1.9.1/gems/actionpack-3.1.0/lib/action_controller/metal/instrumentation.rb:39:in `render'
/usr/local/lib/ruby/gems/1.9.1/gems/actionpack-3.1.0/lib/action_controller/metal/implicit_render.rb:10:in `default_render'
/usr/local/lib/ruby/gems/1.9.1/gems/actionpack-3.1.0/lib/action_controller/metal/implicit_render.rb:5:in `send_action'
/usr/local/lib/ruby/gems/1.9.1/gems/actionpack-3.1.0/lib/abstract_controller/base.rb:167:in `process_action'
/usr/local/lib/ruby/gems/1.9.1/gems/actionpack-3.1.0/lib/action_controller/metal/rendering.rb:10:in `process_action'
/usr/local/lib/ruby/gems/1.9.1/gems/actionpack-3.1.0/lib/abstract_controller/callbacks.rb:18:in `block in process_action'
/usr/local/lib/ruby/gems/1.9.1/gems/activesupport-3.1.0/lib/active_support/callbacks.rb:416:in `_run__371668299__process_action__430017221__callbacks'
/usr/local/lib/ruby/gems/1.9.1/gems/activesupport-3.1.0/lib/active_support/callbacks.rb:386:in `_run_process_action_callbacks'
/usr/local/lib/ruby/gems/1.9.1/gems/activesupport-3.1.0/lib/active_support/callbacks.rb:81:in `run_callbacks'
/usr/local/lib/ruby/gems/1.9.1/gems/actionpack-3.1.0/lib/abstract_controller/callbacks.rb:17:in `process_action'
/usr/local/lib/ruby/gems/1.9.1/gems/actionpack-3.1.0/lib/action_controller/metal/rescue.rb:17:in `process_action'
/usr/local/lib/ruby/gems/1.9.1/gems/actionpack-3.1.0/lib/action_controller/metal/instrumentation.rb:30:in `block in process_action'
/usr/local/lib/ruby/gems/1.9.1/gems/activesupport-3.1.0/lib/active_support/notifications.rb:53:in `block in instrument'
/usr/local/lib/ruby/gems/1.9.1/gems/activesupport-3.1.0/lib/active_support/notifications/instrumenter.rb:21:in `instrument'
/usr/local/lib/ruby/gems/1.9.1/gems/activesupport-3.1.0/lib/active_support/notifications.rb:53:in `instrument'
/usr/local/lib/ruby/gems/1.9.1/gems/actionpack-3.1.0/lib/action_controller/metal/instrumentation.rb:29:in `process_action'
/usr/local/lib/ruby/gems/1.9.1/gems/actionpack-3.1.0/lib/action_controller/metal/params_wrapper.rb:201:in `process_action'
/usr/local/lib/ruby/gems/1.9.1/gems/activerecord-3.1.0/lib/active_record/railties/controller_runtime.rb:18:in `process_action'
/usr/local/lib/ruby/gems/1.9.1/gems/actionpack-3.1.0/lib/abstract_controller/base.rb:121:in `process'
/usr/local/lib/ruby/gems/1.9.1/gems/actionpack-3.1.0/lib/abstract_controller/rendering.rb:45:in `process'
/usr/local/lib/ruby/gems/1.9.1/gems/actionpack-3.1.0/lib/action_controller/metal.rb:193:in `dispatch'
/usr/local/lib/ruby/gems/1.9.1/gems/actionpack-3.1.0/lib/action_controller/metal/rack_delegation.rb:14:in `dispatch'
/usr/local/lib/ruby/gems/1.9.1/gems/actionpack-3.1.0/lib/action_controller/metal.rb:236:in `block in action'
/usr/local/lib/ruby/gems/1.9.1/gems/actionpack-3.1.0/lib/action_dispatch/routing/route_set.rb:65:in `call'
/usr/local/lib/ruby/gems/1.9.1/gems/actionpack-3.1.0/lib/action_dispatch/routing/route_set.rb:65:in `dispatch'
/usr/local/lib/ruby/gems/1.9.1/gems/actionpack-3.1.0/lib/action_dispatch/routing/route_set.rb:29:in `call'
/usr/local/lib/ruby/gems/1.9.1/gems/rack-mount-0.8.3/lib/rack/mount/route_set.rb:152:in `block in call'
/usr/local/lib/ruby/gems/1.9.1/gems/rack-mount-0.8.3/lib/rack/mount/code_generation.rb:96:in `block in recognize'
/usr/local/lib/ruby/gems/1.9.1/gems/rack-mount-0.8.3/lib/rack/mount/code_generation.rb:75:in `optimized_each'
/usr/local/lib/ruby/gems/1.9.1/gems/rack-mount-0.8.3/lib/rack/mount/code_generation.rb:95:in `recognize'
/usr/local/lib/ruby/gems/1.9.1/gems/rack-mount-0.8.3/lib/rack/mount/route_set.rb:141:in `call'
/usr/local/lib/ruby/gems/1.9.1/gems/actionpack-3.1.0/lib/action_dispatch/routing/route_set.rb:531:in `call'
/usr/local/lib/ruby/gems/1.9.1/gems/actionpack-3.1.0/lib/action_dispatch/middleware/best_standards_support.rb:17:in `call'
/usr/local/lib/ruby/gems/1.9.1/gems/rack-1.3.5/lib/rack/etag.rb:23:in `call'
/usr/local/lib/ruby/gems/1.9.1/gems/rack-1.3.5/lib/rack/conditionalget.rb:25:in `call'
/usr/local/lib/ruby/gems/1.9.1/gems/actionpack-3.1.0/lib/action_dispatch/middleware/head.rb:14:in `call'
/usr/local/lib/ruby/gems/1.9.1/gems/actionpack-3.1.0/lib/action_dispatch/middleware/params_parser.rb:21:in `call'
/usr/local/lib/ruby/gems/1.9.1/gems/actionpack-3.1.0/lib/action_dispatch/middleware/flash.rb:243:in `call'
/usr/local/lib/ruby/gems/1.9.1/gems/rack-1.3.5/lib/rack/session/abstract/id.rb:195:in `context'
/usr/local/lib/ruby/gems/1.9.1/gems/rack-1.3.5/lib/rack/session/abstract/id.rb:190:in `call'
/usr/local/lib/ruby/gems/1.9.1/gems/actionpack-3.1.0/lib/action_dispatch/middleware/cookies.rb:326:in `call'
/usr/local/lib/ruby/gems/1.9.1/gems/activerecord-3.1.0/lib/active_record/query_cache.rb:62:in `call'
/usr/local/lib/ruby/gems/1.9.1/gems/activerecord-3.1.0/lib/active_record/connection_adapters/abstract/connection_pool.rb:477:in `call'
/usr/local/lib/ruby/gems/1.9.1/gems/actionpack-3.1.0/lib/action_dispatch/middleware/callbacks.rb:29:in `block in call'
/usr/local/lib/ruby/gems/1.9.1/gems/activesupport-3.1.0/lib/active_support/callbacks.rb:392:in `_run_call_callbacks'
/usr/local/lib/ruby/gems/1.9.1/gems/activesupport-3.1.0/lib/active_support/callbacks.rb:81:in `run_callbacks'
/usr/local/lib/ruby/gems/1.9.1/gems/actionpack-3.1.0/lib/action_dispatch/middleware/callbacks.rb:28:in `call'
/usr/local/lib/ruby/gems/1.9.1/gems/actionpack-3.1.0/lib/action_dispatch/middleware/reloader.rb:68:in `call'
/usr/local/lib/ruby/gems/1.9.1/gems/rack-1.3.5/lib/rack/sendfile.rb:101:in `call'
/usr/local/lib/ruby/gems/1.9.1/gems/actionpack-3.1.0/lib/action_dispatch/middleware/remote_ip.rb:48:in `call'
/usr/local/lib/ruby/gems/1.9.1/gems/actionpack-3.1.0/lib/action_dispatch/middleware/show_exceptions.rb:47:in `call'
/usr/local/lib/ruby/gems/1.9.1/gems/railties-3.1.0/lib/rails/rack/logger.rb:13:in `call'
/usr/local/lib/ruby/gems/1.9.1/gems/rack-1.3.5/lib/rack/methodoverride.rb:24:in `call'
/usr/local/lib/ruby/gems/1.9.1/gems/rack-1.3.5/lib/rack/runtime.rb:17:in `call'
/usr/local/lib/ruby/gems/1.9.1/gems/activesupport-3.1.0/lib/active_support/cache/strategy/local_cache.rb:72:in `call'
/usr/local/lib/ruby/gems/1.9.1/gems/rack-1.3.5/lib/rack/lock.rb:15:in `call'
/usr/local/lib/ruby/gems/1.9.1/gems/actionpack-3.1.0/lib/action_dispatch/middleware/static.rb:53:in `call'
/usr/local/lib/ruby/gems/1.9.1/gems/railties-3.1.0/lib/rails/engine.rb:455:in `call'
/usr/local/lib/ruby/gems/1.9.1/gems/railties-3.1.0/lib/rails/rack/content_length.rb:16:in `call'
/usr/local/lib/ruby/gems/1.9.1/gems/railties-3.1.0/lib/rails/rack/log_tailer.rb:14:in `call'
/usr/local/lib/ruby/gems/1.9.1/gems/rack-1.3.5/lib/rack/handler/webrick.rb:59:in `service'
/usr/local/lib/ruby/1.9.1/webrick/httpserver.rb:111:in `service'
/usr/local/lib/ruby/1.9.1/webrick/httpserver.rb:70:in `run'
/usr/local/lib/ruby/1.9.1/webrick/server.rb:183:in `block in start_thread'
Rendered movies/index.html.haml within layouts/application (39.3ms)
Completed 500 Internal Server Error in 338295ms

ActionView::Template::Error (/media/windows-share/hw2_rottenpotatoes/app/views/movies/index.html.haml:9: syntax error, unexpected ',', expecting ')'
...es_path(@sort="release_date"),, :id => "release_date_header"
...                               ^):
    6:     %tr
    7:       %th= link_to "Movie", movies_path(@sort="title"), :id => "title_header"
    8:       %th Rating
    9:       %th= link_to "Release Date", movies_path(@sort="release_date"),, :id => "release_date_header"
    10:       %th More Info
    11:   %tbody
    12:     - @movies.each do |movie|
  

Rendered /usr/local/lib/ruby/gems/1.9.1/gems/actionpack-3.1.0/lib/action_dispatch/middleware/templates/rescues/_trace.erb (8.6ms)
Rendered /usr/local/lib/ruby/gems/1.9.1/gems/actionpack-3.1.0/lib/action_dispatch/middleware/templates/rescues/_request_and_response.erb (14.5ms)
Rendered /usr/local/lib/ruby/gems/1.9.1/gems/actionpack-3.1.0/lib/action_dispatch/middleware/templates/rescues/template_error.erb within rescues/layout (42.4ms)


Started GET "/movies" for 127.0.0.1 at 2013-08-01 08:59:23 -0700
  Processing by MoviesController#index as HTML
  [1m[36mMovie Load (33.2ms)[0m  [1mSELECT "movies".* FROM "movies" [0m
Rendered movies/index.html.haml within layouts/application (149.5ms)
Completed 200 OK in 42625ms (Views: 732.2ms | ActiveRecord: 55.9ms)


Started GET "/assets/application.css?body=1" for 127.0.0.1 at 2013-08-01 09:00:06 -0700
Served asset /application.css - 304 Not Modified (7ms)


Started GET "/assets/jquery_ujs.js?body=1" for 127.0.0.1 at 2013-08-01 09:00:06 -0700
Served asset /jquery_ujs.js - 304 Not Modified (1ms)


Started GET "/assets/jquery.js?body=1" for 127.0.0.1 at 2013-08-01 09:00:06 -0700
Served asset /jquery.js - 304 Not Modified (0ms)


Started GET "/assets/application.js?body=1" for 127.0.0.1 at 2013-08-01 09:00:06 -0700
Served asset /application.js - 304 Not Modified (9ms)


Started GET "/movies.release_date" for 127.0.0.1 at 2013-08-01 09:00:13 -0700
  Processing by MoviesController#index as 
  [1m[35mMovie Load (17.1ms)[0m  SELECT "movies".* FROM "movies" 
Rendered movies/index.html.haml within layouts/application (173.5ms)
Completed 200 OK in 55247ms (Views: 1922.5ms | ActiveRecord: 47.6ms)


Started GET "/assets/application.css?body=1" for 127.0.0.1 at 2013-08-01 09:01:09 -0700
Served asset /application.css - 304 Not Modified (7ms)


Started GET "/assets/jquery_ujs.js?body=1" for 127.0.0.1 at 2013-08-01 09:01:09 -0700
Served asset /jquery_ujs.js - 304 Not Modified (1ms)


Started GET "/assets/jquery.js?body=1" for 127.0.0.1 at 2013-08-01 09:01:09 -0700
Served asset /jquery.js - 304 Not Modified (10ms)


Started GET "/assets/application.js?body=1" for 127.0.0.1 at 2013-08-01 09:01:09 -0700
Served asset /application.js - 304 Not Modified (12ms)


Started GET "/movies.release_date" for 127.0.0.1 at 2013-08-01 09:01:12 -0700
  Processing by MoviesController#index as 
  [1m[36mMovie Load (16.3ms)[0m  [1mSELECT "movies".* FROM "movies" [0m
Rendered movies/index.html.haml within layouts/application (86.3ms)
Completed 200 OK in 163871ms (Views: 2096.1ms | ActiveRecord: 52.4ms)


Started GET "/assets/jquery_ujs.js?body=1" for 127.0.0.1 at 2013-08-01 09:03:57 -0700
Served asset /jquery_ujs.js - 304 Not Modified (1ms)


Started GET "/assets/application.css?body=1" for 127.0.0.1 at 2013-08-01 09:03:57 -0700
Served asset /application.css - 304 Not Modified (7ms)


Started GET "/assets/application.js?body=1" for 127.0.0.1 at 2013-08-01 09:03:57 -0700
Served asset /application.js - 304 Not Modified (15ms)


Started GET "/assets/jquery.js?body=1" for 127.0.0.1 at 2013-08-01 09:03:57 -0700
Served asset /jquery.js - 304 Not Modified (0ms)


Started GET "/movies?sort=title" for 127.0.0.1 at 2013-08-01 09:04:01 -0700
  Processing by MoviesController#index as HTML
  Parameters: {"sort"=>"title"}
  [1m[35mMovie Load (11.6ms)[0m  SELECT "movies".* FROM "movies" 
  [1m[36mMovie Load (4.9ms)[0m  [1mSELECT "movies".* FROM "movies" ORDER BY title ASC[0m
Rendered movies/index.html.haml within layouts/application (150.1ms)
Completed 200 OK in 70585ms (Views: 440.9ms | ActiveRecord: 29.8ms)


Started GET "/assets/jquery.js?body=1" for 127.0.0.1 at 2013-08-01 09:05:12 -0700
Served asset /jquery.js - 304 Not Modified (0ms)


Started GET "/assets/jquery_ujs.js?body=1" for 127.0.0.1 at 2013-08-01 09:05:13 -0700
Served asset /jquery_ujs.js - 304 Not Modified (0ms)


Started GET "/assets/application.css?body=1" for 127.0.0.1 at 2013-08-01 09:05:13 -0700
Served asset /application.css - 304 Not Modified (8ms)


Started GET "/assets/application.js?body=1" for 127.0.0.1 at 2013-08-01 09:05:13 -0700
Served asset /application.js - 304 Not Modified (10ms)


Started GET "/movies" for 127.0.0.1 at 2013-08-01 09:05:16 -0700
  Processing by MoviesController#index as HTML
  [1m[35mMovie Load (14.2ms)[0m  SELECT "movies".* FROM "movies" 
  [1m[36mMovie Load (9.2ms)[0m  [1mSELECT "movies".* FROM "movies" ORDER BY title ASC[0m
Rendered movies/index.html.haml within layouts/application (454.8ms)
Completed 500 Internal Server Error in 35152ms

ActionView::Template::Error (undefined local variable or method `sort' for #<#<Class:0xb36dc758>:0xb36c47e8>):
    6:     %tr
    7:       %th= link_to "Movie", movies_path(:sort => "title"), :id => "title_header"
    8:       %th Rating
    9:       %th= link_to "Release Date", movies_path(sort => "release_date"), :id => "release_date_header"
    10:       %th More Info
    11:   %tbody
    12:     - @movies.each do |movie|
  app/views/movies/index.html.haml:9:in `_app_views_movies_index_html_haml__914587735__642376788'

Rendered /usr/local/lib/ruby/gems/1.9.1/gems/actionpack-3.1.0/lib/action_dispatch/middleware/templates/rescues/_trace.erb (6.7ms)
Rendered /usr/local/lib/ruby/gems/1.9.1/gems/actionpack-3.1.0/lib/action_dispatch/middleware/templates/rescues/_request_and_response.erb (3.8ms)
Rendered /usr/local/lib/ruby/gems/1.9.1/gems/actionpack-3.1.0/lib/action_dispatch/middleware/templates/rescues/template_error.erb within rescues/layout (22.7ms)


Started GET "/movies" for 127.0.0.1 at 2013-08-01 09:06:12 -0700
  Processing by MoviesController#index as HTML
  [1m[35mMovie Load (10.5ms)[0m  SELECT "movies".* FROM "movies" 
  [1m[36mMovie Load (6.8ms)[0m  [1mSELECT "movies".* FROM "movies" ORDER BY title ASC[0m
Rendered movies/index.html.haml within layouts/application (92.1ms)
Completed 200 OK in 10548ms (Views: 663.9ms | ActiveRecord: 46.2ms)


Started GET "/assets/application.css?body=1" for 127.0.0.1 at 2013-08-01 09:06:24 -0700
Served asset /application.css - 304 Not Modified (12ms)


Started GET "/assets/application.js?body=1" for 127.0.0.1 at 2013-08-01 09:06:24 -0700
Served asset /application.js - 304 Not Modified (12ms)


Started GET "/assets/jquery.js?body=1" for 127.0.0.1 at 2013-08-01 09:06:24 -0700
Served asset /jquery.js - 304 Not Modified (1ms)


Started GET "/assets/jquery_ujs.js?body=1" for 127.0.0.1 at 2013-08-01 09:06:24 -0700
Served asset /jquery_ujs.js - 304 Not Modified (1ms)


Started GET "/movies?sort=release_date" for 127.0.0.1 at 2013-08-01 09:06:30 -0700
  Processing by MoviesController#index as HTML
  Parameters: {"sort"=>"release_date"}
  [1m[35mMovie Load (9.4ms)[0m  SELECT "movies".* FROM "movies" 
  [1m[36mMovie Load (12.4ms)[0m  [1mSELECT "movies".* FROM "movies" ORDER BY title ASC[0m
Rendered movies/index.html.haml within layouts/application (122.4ms)
Completed 200 OK in 199305ms (Views: 491.7ms | ActiveRecord: 49.2ms)


Started GET "/assets/application.css?body=1" for 127.0.0.1 at 2013-08-01 09:09:50 -0700
Served asset /application.css - 304 Not Modified (31ms)


Started GET "/assets/application.js?body=1" for 127.0.0.1 at 2013-08-01 09:09:50 -0700
Served asset /application.js - 304 Not Modified (20ms)


Started GET "/assets/jquery.js?body=1" for 127.0.0.1 at 2013-08-01 09:09:50 -0700
Served asset /jquery.js - 304 Not Modified (0ms)


Started GET "/assets/jquery_ujs.js?body=1" for 127.0.0.1 at 2013-08-01 09:09:50 -0700
Served asset /jquery_ujs.js - 304 Not Modified (0ms)


Started GET "/movies?sort=title+ASC" for 127.0.0.1 at 2013-08-01 09:09:54 -0700
  Processing by MoviesController#index as HTML
  Parameters: {"sort"=>"title ASC"}
  [1m[35mMovie Load (13.0ms)[0m  SELECT "movies".* FROM "movies" 
  [1m[36mMovie Load (39.5ms)[0m  [1mSELECT "movies".* FROM "movies" ORDER BY title ASC[0m
Rendered movies/index.html.haml within layouts/application (194.5ms)
Completed 200 OK in 14818ms (Views: 759.0ms | ActiveRecord: 69.2ms)


Started GET "/assets/application.css?body=1" for 127.0.0.1 at 2013-08-01 09:10:10 -0700
Served asset /application.css - 304 Not Modified (3ms)


Started GET "/assets/application.js?body=1" for 127.0.0.1 at 2013-08-01 09:10:10 -0700
Served asset /application.js - 304 Not Modified (24ms)


Started GET "/assets/jquery_ujs.js?body=1" for 127.0.0.1 at 2013-08-01 09:10:10 -0700
Served asset /jquery_ujs.js - 304 Not Modified (0ms)


Started GET "/assets/jquery.js?body=1" for 127.0.0.1 at 2013-08-01 09:10:10 -0700
Served asset /jquery.js - 304 Not Modified (0ms)


Started GET "/movies?sort=release_date+ASC" for 127.0.0.1 at 2013-08-01 09:10:12 -0700
  Processing by MoviesController#index as HTML
  Parameters: {"sort"=>"release_date ASC"}
  [1m[35mMovie Load (11.3ms)[0m  SELECT "movies".* FROM "movies" 
  [1m[36mMovie Load (12.4ms)[0m  [1mSELECT "movies".* FROM "movies" ORDER BY title ASC[0m
Rendered movies/index.html.haml within layouts/application (74.7ms)
Completed 200 OK in 129193ms (Views: 439.4ms | ActiveRecord: 46.6ms)


Started GET "/assets/application.css?body=1" for 127.0.0.1 at 2013-08-01 09:12:22 -0700
Served asset /application.css - 304 Not Modified (3ms)


Started GET "/assets/application.js?body=1" for 127.0.0.1 at 2013-08-01 09:12:22 -0700
Served asset /application.js - 304 Not Modified (15ms)


Started GET "/assets/jquery_ujs.js?body=1" for 127.0.0.1 at 2013-08-01 09:12:22 -0700
Served asset /jquery_ujs.js - 304 Not Modified (0ms)


Started GET "/assets/jquery.js?body=1" for 127.0.0.1 at 2013-08-01 09:12:22 -0700
Served asset /jquery.js - 304 Not Modified (6ms)


Started GET "/movies?sort=title+ASC" for 127.0.0.1 at 2013-08-01 09:12:25 -0700
  Processing by MoviesController#index as HTML
  Parameters: {"sort"=>"title ASC"}
  [1m[35mMovie Load (13.1ms)[0m  SELECT "movies".* FROM "movies" 
  [1m[36mMovie Load (7.5ms)[0m  [1mSELECT "movies".* FROM "movies" ORDER BY title ASC[0m
Rendered movies/index.html.haml within layouts/application (93.4ms)
Completed 200 OK in 66034ms (Views: 558.6ms | ActiveRecord: 44.9ms)


Started GET "/assets/application.css?body=1" for 127.0.0.1 at 2013-08-01 09:13:32 -0700
Served asset /application.css - 304 Not Modified (3ms)


Started GET "/assets/application.js?body=1" for 127.0.0.1 at 2013-08-01 09:13:32 -0700
Served asset /application.js - 304 Not Modified (9ms)


Started GET "/assets/jquery_ujs.js?body=1" for 127.0.0.1 at 2013-08-01 09:13:32 -0700
Served asset /jquery_ujs.js - 304 Not Modified (0ms)


Started GET "/assets/jquery.js?body=1" for 127.0.0.1 at 2013-08-01 09:13:32 -0700
Served asset /jquery.js - 304 Not Modified (1ms)


Started GET "/movies?sort=release_date+ASC" for 127.0.0.1 at 2013-08-01 09:13:37 -0700
  Processing by MoviesController#index as HTML
  Parameters: {"sort"=>"release_date ASC"}
  [1m[35mMovie Load (10.2ms)[0m  SELECT "movies".* FROM "movies" 
  [1m[36mMovie Load (7.3ms)[0m  [1mSELECT "movies".* FROM "movies" ORDER BY release_date ASC[0m
Rendered movies/index.html.haml within layouts/application (87.0ms)
Completed 200 OK in 8971ms (Views: 470.8ms | ActiveRecord: 44.9ms)


Started GET "/assets/application.css?body=1" for 127.0.0.1 at 2013-08-01 09:13:47 -0700
Served asset /application.css - 304 Not Modified (4ms)


Started GET "/assets/jquery_ujs.js?body=1" for 127.0.0.1 at 2013-08-01 09:13:47 -0700
Served asset /jquery_ujs.js - 304 Not Modified (0ms)


Started GET "/assets/jquery.js?body=1" for 127.0.0.1 at 2013-08-01 09:13:47 -0700
Served asset /jquery.js - 304 Not Modified (3ms)


Started GET "/assets/application.js?body=1" for 127.0.0.1 at 2013-08-01 09:13:47 -0700
Served asset /application.js - 304 Not Modified (10ms)


Started GET "/assets/rails.png" for 127.0.0.1 at 2013-08-01 09:14:15 -0700
Served asset /rails.png - 304 Not Modified (379ms)


Started GET "/movies" for 127.0.0.1 at 2013-08-01 09:14:30 -0700
  Processing by MoviesController#index as HTML
  [1m[35mMovie Load (11.0ms)[0m  SELECT "movies".* FROM "movies" 
  [1m[36mCACHE (0.0ms)[0m  [1mSELECT "movies".* FROM "movies" [0m
Rendered movies/index.html.haml within layouts/application (72.8ms)
Completed 200 OK in 9066ms (Views: 452.8ms | ActiveRecord: 37.9ms)


Started GET "/assets/application.css?body=1" for 127.0.0.1 at 2013-08-01 09:14:40 -0700
Served asset /application.css - 304 Not Modified (8ms)


Started GET "/assets/jquery.js?body=1" for 127.0.0.1 at 2013-08-01 09:14:40 -0700
Served asset /jquery.js - 304 Not Modified (0ms)


Started GET "/assets/jquery_ujs.js?body=1" for 127.0.0.1 at 2013-08-01 09:14:40 -0700
Served asset /jquery_ujs.js - 304 Not Modified (3ms)


Started GET "/assets/application.js?body=1" for 127.0.0.1 at 2013-08-01 09:14:40 -0700
Served asset /application.js - 304 Not Modified (11ms)


Started GET "/movies?sort=title+ASC" for 127.0.0.1 at 2013-08-01 09:14:52 -0700
  Processing by MoviesController#index as HTML
  Parameters: {"sort"=>"title ASC"}
  [1m[35mMovie Load (21.5ms)[0m  SELECT "movies".* FROM "movies" 
  [1m[36mMovie Load (22.4ms)[0m  [1mSELECT "movies".* FROM "movies" ORDER BY title ASC[0m
Rendered movies/index.html.haml within layouts/application (154.3ms)
Completed 200 OK in 12522ms (Views: 657.4ms | ActiveRecord: 73.0ms)


Started GET "/assets/application.js?body=1" for 127.0.0.1 at 2013-08-01 09:15:05 -0700
Served asset /application.js - 304 Not Modified (10ms)


Started GET "/assets/application.css?body=1" for 127.0.0.1 at 2013-08-01 09:15:05 -0700
Served asset /application.css - 304 Not Modified (5ms)


Started GET "/assets/jquery_ujs.js?body=1" for 127.0.0.1 at 2013-08-01 09:15:05 -0700
Served asset /jquery_ujs.js - 304 Not Modified (0ms)


Started GET "/assets/jquery.js?body=1" for 127.0.0.1 at 2013-08-01 09:15:06 -0700
Served asset /jquery.js - 304 Not Modified (0ms)


Started GET "/movies?sort=release_date+ASC" for 127.0.0.1 at 2013-08-01 09:17:43 -0700
  Processing by MoviesController#index as HTML
  Parameters: {"sort"=>"release_date ASC"}
  [1m[35mMovie Load (9.7ms)[0m  SELECT "movies".* FROM "movies" 
  [1m[36mMovie Load (14.7ms)[0m  [1mSELECT "movies".* FROM "movies" ORDER BY release_date ASC[0m
Rendered movies/index.html.haml within layouts/application (88.9ms)
Compiled application.css  (12ms)  (pid 3764)
Completed 200 OK in 7465ms (Views: 690.5ms | ActiveRecord: 41.1ms)


Started GET "/assets/application.js?body=1" for 127.0.0.1 at 2013-08-01 09:17:51 -0700
Served asset /application.js - 304 Not Modified (10ms)


Started GET "/assets/jquery_ujs.js?body=1" for 127.0.0.1 at 2013-08-01 09:17:51 -0700
Served asset /jquery_ujs.js - 304 Not Modified (0ms)


Started GET "/assets/application.css?body=1" for 127.0.0.1 at 2013-08-01 09:17:51 -0700
Served asset /application.css - 200 OK (303ms)


Started GET "/assets/jquery.js?body=1" for 127.0.0.1 at 2013-08-01 09:17:51 -0700
Served asset /jquery.js - 304 Not Modified (9ms)


Started GET "/movies" for 127.0.0.1 at 2013-08-01 09:18:49 -0700
  Processing by MoviesController#index as HTML
  [1m[35mMovie Load (8.7ms)[0m  SELECT "movies".* FROM "movies" 
  [1m[36mCACHE (0.0ms)[0m  [1mSELECT "movies".* FROM "movies" [0m
Rendered movies/index.html.haml within layouts/application (129.3ms)
Completed 200 OK in 492ms (Views: 442.5ms | ActiveRecord: 25.3ms)


Started GET "/assets/application.css?body=1" for 127.0.0.1 at 2013-08-01 09:18:50 -0700
Served asset /application.css - 304 Not Modified (20ms)


Started GET "/assets/jquery.js?body=1" for 127.0.0.1 at 2013-08-01 09:18:50 -0700
Served asset /jquery.js - 304 Not Modified (1ms)


Started GET "/assets/application.js?body=1" for 127.0.0.1 at 2013-08-01 09:18:50 -0700
Served asset /application.js - 304 Not Modified (18ms)


Started GET "/assets/jquery_ujs.js?body=1" for 127.0.0.1 at 2013-08-01 09:18:50 -0700
Served asset /jquery_ujs.js - 304 Not Modified (0ms)


Started GET "/movies?sort=title+ASC" for 127.0.0.1 at 2013-08-01 09:18:57 -0700
  Processing by MoviesController#index as HTML
  Parameters: {"sort"=>"title ASC"}
  [1m[35mMovie Load (8.3ms)[0m  SELECT "movies".* FROM "movies" 
  [1m[36mMovie Load (11.3ms)[0m  [1mSELECT "movies".* FROM "movies" ORDER BY title ASC[0m
Rendered movies/index.html.haml within layouts/application (113.4ms)
Completed 200 OK in 5505ms (Views: 419.8ms | ActiveRecord: 39.7ms)


Started GET "/assets/application.css?body=1" for 127.0.0.1 at 2013-08-01 09:19:03 -0700
Served asset /application.css - 304 Not Modified (9ms)


Started GET "/assets/jquery_ujs.js?body=1" for 127.0.0.1 at 2013-08-01 09:19:03 -0700
Served asset /jquery_ujs.js - 304 Not Modified (0ms)


Started GET "/assets/jquery.js?body=1" for 127.0.0.1 at 2013-08-01 09:19:03 -0700
Served asset /jquery.js - 304 Not Modified (0ms)


Started GET "/assets/application.js?body=1" for 127.0.0.1 at 2013-08-01 09:19:03 -0700
Served asset /application.js - 304 Not Modified (12ms)


Started GET "/movies?sort=title+ASC" for 127.0.0.1 at 2013-08-01 09:25:54 -0700
  Processing by MoviesController#index as HTML
  Parameters: {"sort"=>"title ASC"}
  [1m[35mMovie Load (14.1ms)[0m  SELECT "movies".* FROM "movies" 
  [1m[36mMovie Load (6.3ms)[0m  [1mSELECT "movies".* FROM "movies" ORDER BY title ASC[0m
Rendered movies/index.html.haml within layouts/application (130.4ms)
Completed 200 OK in 6322ms (Views: 489.3ms | ActiveRecord: 40.7ms)


Started GET "/assets/application.js?body=1" for 127.0.0.1 at 2013-08-01 09:26:01 -0700
Served asset /application.js - 304 Not Modified (8ms)


Started GET "/assets/application.css?body=1" for 127.0.0.1 at 2013-08-01 09:26:02 -0700
Served asset /application.css - 304 Not Modified (14ms)


Started GET "/assets/jquery_ujs.js?body=1" for 127.0.0.1 at 2013-08-01 09:26:02 -0700
Served asset /jquery_ujs.js - 304 Not Modified (1ms)


Started GET "/assets/jquery.js?body=1" for 127.0.0.1 at 2013-08-01 09:26:02 -0700
Served asset /jquery.js - 304 Not Modified (5ms)


Started GET "/movies?sort=release_date+ASC" for 127.0.0.1 at 2013-08-01 09:26:29 -0700
  Processing by MoviesController#index as HTML
  Parameters: {"sort"=>"release_date ASC"}
  [1m[35mMovie Load (18.3ms)[0m  SELECT "movies".* FROM "movies" 
  [1m[36mMovie Load (6.4ms)[0m  [1mSELECT "movies".* FROM "movies" ORDER BY release_date ASC[0m
Rendered movies/index.html.haml within layouts/application (124.3ms)
Completed 200 OK in 12899ms (Views: 511.2ms | ActiveRecord: 46.3ms)


Started GET "/assets/application.css?body=1" for 127.0.0.1 at 2013-08-01 09:26:43 -0700
Served asset /application.css - 304 Not Modified (13ms)


Started GET "/assets/jquery.js?body=1" for 127.0.0.1 at 2013-08-01 09:26:43 -0700
Served asset /jquery.js - 304 Not Modified (0ms)


Started GET "/assets/application.js?body=1" for 127.0.0.1 at 2013-08-01 09:26:43 -0700
Served asset /application.js - 304 Not Modified (9ms)


Started GET "/assets/jquery_ujs.js?body=1" for 127.0.0.1 at 2013-08-01 09:26:43 -0700
Served asset /jquery_ujs.js - 304 Not Modified (0ms)


Started GET "/movies?sort=release_date+ASC" for 127.0.0.1 at 2013-08-01 09:36:29 -0700
  Processing by MoviesController#index as HTML
  Parameters: {"sort"=>"release_date ASC"}
  [1m[35mMovie Load (7.9ms)[0m  SELECT "movies".* FROM "movies" 
  [1m[36mMovie Load (8.1ms)[0m  [1mSELECT "movies".* FROM "movies" ORDER BY release_date ASC[0m
Rendered movies/index.html.haml within layouts/application (399.3ms)
Completed 500 Internal Server Error in 9398ms

ActionView::Template::Error (undefined local variable or method `selected' for #<#<Class:0xad624f0>:0xad2bf18>):
    4: %table#movies
    5:   %thead
    6:     %tr
    7:       %th= link_to "Movie", movies_path(:sort => "title ASC"), :id => "title_header", :class => "hilite" if selected
    8:       %th Rating
    9:       %th= link_to "Release Date", movies_path(:sort => "release_date ASC"), :id => "release_date_header"
    10:       %th More Info
  app/views/movies/index.html.haml:7:in `_app_views_movies_index_html_haml__914587735_90789620'

Rendered /usr/local/lib/ruby/gems/1.9.1/gems/actionpack-3.1.0/lib/action_dispatch/middleware/templates/rescues/_trace.erb (12.9ms)
Rendered /usr/local/lib/ruby/gems/1.9.1/gems/actionpack-3.1.0/lib/action_dispatch/middleware/templates/rescues/_request_and_response.erb (4.3ms)
Rendered /usr/local/lib/ruby/gems/1.9.1/gems/actionpack-3.1.0/lib/action_dispatch/middleware/templates/rescues/template_error.erb within rescues/layout (26.6ms)


Started GET "/movies?sort=title+ASC" for 127.0.0.1 at 2013-08-01 09:37:14 -0700
  Processing by MoviesController#index as HTML
  Parameters: {"sort"=>"title ASC"}
  [1m[35mMovie Load (12.7ms)[0m  SELECT "movies".* FROM "movies" 
  [1m[36mMovie Load (5.5ms)[0m  [1mSELECT "movies".* FROM "movies" ORDER BY title ASC[0m
Rendered movies/index.html.haml within layouts/application (100.4ms)
Completed 200 OK in 11760ms (Views: 471.7ms | ActiveRecord: 43.0ms)


Started GET "/assets/application.css?body=1" for 127.0.0.1 at 2013-08-01 09:37:27 -0700
Served asset /application.css - 304 Not Modified (11ms)


Started GET "/assets/jquery_ujs.js?body=1" for 127.0.0.1 at 2013-08-01 09:37:27 -0700
Served asset /jquery_ujs.js - 304 Not Modified (9ms)


Started GET "/assets/jquery.js?body=1" for 127.0.0.1 at 2013-08-01 09:37:27 -0700
Served asset /jquery.js - 304 Not Modified (0ms)


Started GET "/assets/application.js?body=1" for 127.0.0.1 at 2013-08-01 09:37:27 -0700
Served asset /application.js - 304 Not Modified (27ms)


Started GET "/movies?sort=title+ASC" for 127.0.0.1 at 2013-08-01 09:37:32 -0700
  Processing by MoviesController#index as HTML
  Parameters: {"sort"=>"title ASC"}
  [1m[35mMovie Load (21.0ms)[0m  SELECT "movies".* FROM "movies" 
  [1m[36mMovie Load (14.0ms)[0m  [1mSELECT "movies".* FROM "movies" ORDER BY title ASC[0m
Rendered movies/index.html.haml within layouts/application (139.2ms)
Completed 200 OK in 6819ms (Views: 609.5ms | ActiveRecord: 61.8ms)


Started GET "/assets/application.css?body=1" for 127.0.0.1 at 2013-08-01 09:37:40 -0700
Served asset /application.css - 304 Not Modified (10ms)


Started GET "/assets/application.js?body=1" for 127.0.0.1 at 2013-08-01 09:37:40 -0700
Served asset /application.js - 304 Not Modified (17ms)


Started GET "/assets/jquery_ujs.js?body=1" for 127.0.0.1 at 2013-08-01 09:37:40 -0700
Served asset /jquery_ujs.js - 304 Not Modified (0ms)


Started GET "/assets/jquery.js?body=1" for 127.0.0.1 at 2013-08-01 09:37:40 -0700
Served asset /jquery.js - 304 Not Modified (2ms)


Started GET "/movies?sort=title+ASC" for 127.0.0.1 at 2013-08-01 09:40:38 -0700
  Processing by MoviesController#index as HTML
  Parameters: {"sort"=>"title ASC"}
  [1m[35mMovie Load (8.0ms)[0m  SELECT "movies".* FROM "movies" 
  [1m[36mMovie Load (6.1ms)[0m  [1mSELECT "movies".* FROM "movies" ORDER BY title ASC[0m
Rendered movies/index.html.haml within layouts/application (83.2ms)
Completed 200 OK in 459ms (Views: 425.0ms | ActiveRecord: 26.6ms)


Started GET "/assets/application.css?body=1" for 127.0.0.1 at 2013-08-01 09:40:39 -0700
Served asset /application.css - 304 Not Modified (3ms)


Started GET "/assets/application.js?body=1" for 127.0.0.1 at 2013-08-01 09:40:39 -0700
Served asset /application.js - 304 Not Modified (12ms)


Started GET "/assets/jquery_ujs.js?body=1" for 127.0.0.1 at 2013-08-01 09:40:39 -0700
Served asset /jquery_ujs.js - 304 Not Modified (0ms)


Started GET "/assets/jquery.js?body=1" for 127.0.0.1 at 2013-08-01 09:40:39 -0700
Served asset /jquery.js - 304 Not Modified (0ms)


Started GET "/movies?sort=release_date+ASC" for 127.0.0.1 at 2013-08-01 09:40:41 -0700
  Processing by MoviesController#index as HTML
  Parameters: {"sort"=>"release_date ASC"}
  [1m[35mMovie Load (7.2ms)[0m  SELECT "movies".* FROM "movies" 
  [1m[36mMovie Load (8.4ms)[0m  [1mSELECT "movies".* FROM "movies" ORDER BY release_date ASC[0m
Rendered movies/index.html.haml within layouts/application (96.3ms)
Completed 200 OK in 503ms (Views: 455.8ms | ActiveRecord: 27.7ms)


Started GET "/assets/application.css?body=1" for 127.0.0.1 at 2013-08-01 09:40:43 -0700
Served asset /application.css - 304 Not Modified (5ms)


Started GET "/assets/jquery.js?body=1" for 127.0.0.1 at 2013-08-01 09:40:43 -0700
Served asset /jquery.js - 304 Not Modified (1ms)


Started GET "/assets/application.js?body=1" for 127.0.0.1 at 2013-08-01 09:40:43 -0700
Served asset /application.js - 304 Not Modified (14ms)


Started GET "/assets/jquery_ujs.js?body=1" for 127.0.0.1 at 2013-08-01 09:40:43 -0700
Served asset /jquery_ujs.js - 304 Not Modified (0ms)


Started GET "/movies?sort=title+ASC" for 127.0.0.1 at 2013-08-01 09:40:48 -0700
  Processing by MoviesController#index as HTML
  Parameters: {"sort"=>"title ASC"}
  [1m[35mMovie Load (7.0ms)[0m  SELECT "movies".* FROM "movies" 
  [1m[36mMovie Load (13.3ms)[0m  [1mSELECT "movies".* FROM "movies" ORDER BY title ASC[0m
Rendered movies/index.html.haml within layouts/application (60.8ms)
Completed 200 OK in 393ms (Views: 354.2ms | ActiveRecord: 31.4ms)


Started GET "/assets/application.css?body=1" for 127.0.0.1 at 2013-08-01 09:40:49 -0700
Served asset /application.css - 304 Not Modified (4ms)


Started GET "/assets/jquery_ujs.js?body=1" for 127.0.0.1 at 2013-08-01 09:40:49 -0700
Served asset /jquery_ujs.js - 304 Not Modified (0ms)


Started GET "/assets/jquery.js?body=1" for 127.0.0.1 at 2013-08-01 09:40:49 -0700
Served asset /jquery.js - 304 Not Modified (0ms)


Started GET "/assets/application.js?body=1" for 127.0.0.1 at 2013-08-01 09:40:49 -0700
Served asset /application.js - 304 Not Modified (16ms)
